mode: set
mono-golang/internal/middleware/audit.go:31.44,32.71 1 1
mono-golang/internal/middleware/audit.go:32.71,44.3 3 1
mono-golang/internal/middleware/audit.go:47.40,49.9 2 1
mono-golang/internal/middleware/audit.go:49.9,51.3 1 1
mono-golang/internal/middleware/audit.go:52.2,52.15 1 1
mono-golang/internal/middleware/audit.go:55.41,57.21 2 1
mono-golang/internal/middleware/audit.go:57.21,59.3 1 1
mono-golang/internal/middleware/audit.go:60.2,60.21 1 1
mono-golang/internal/middleware/audit.go:60.21,62.3 1 1
mono-golang/internal/middleware/audit.go:63.2,63.18 1 1
mono-golang/internal/middleware/authentication.go:21.74,22.46 1 0
mono-golang/internal/middleware/authentication.go:22.46,23.72 1 0
mono-golang/internal/middleware/authentication.go:23.72,26.19 3 0
mono-golang/internal/middleware/authentication.go:26.19,29.5 2 0
mono-golang/internal/middleware/authentication.go:31.4,32.18 2 0
mono-golang/internal/middleware/authentication.go:32.18,34.5 1 0
mono-golang/internal/middleware/authentication.go:35.4,35.14 1 0
mono-golang/internal/middleware/authentication.go:35.14,38.5 2 0
mono-golang/internal/middleware/authentication.go:40.4,40.24 1 0
mono-golang/internal/middleware/authentication.go:52.73,53.46 1 0
mono-golang/internal/middleware/authentication.go:53.46,54.72 1 0
mono-golang/internal/middleware/authentication.go:54.72,57.18 3 0
mono-golang/internal/middleware/authentication.go:57.18,59.5 1 0
mono-golang/internal/middleware/authentication.go:61.4,62.18 2 0
mono-golang/internal/middleware/authentication.go:62.18,65.5 2 0
mono-golang/internal/middleware/authentication.go:67.4,71.31 4 0
mono-golang/internal/middleware/authentication.go:71.31,73.5 1 0
mono-golang/internal/middleware/authentication.go:75.4,77.11 3 0
mono-golang/internal/middleware/authentication.go:77.11,79.5 1 0
mono-golang/internal/middleware/authentication.go:80.4,82.25 2 0
mono-golang/internal/middleware/authentication.go:83.22,85.19 2 0
mono-golang/internal/middleware/authentication.go:85.19,88.6 2 0
mono-golang/internal/middleware/authentication.go:90.5,90.48 1 0
mono-golang/internal/middleware/authentication.go:91.23,92.50 1 0
mono-golang/internal/middleware/authentication.go:95.4,97.20 2 0
mono-golang/internal/middleware/authentication.go:97.20,99.5 1 0
mono-golang/internal/middleware/authentication.go:100.4,100.34 1 0
mono-golang/internal/middleware/authentication.go:112.64,114.2 1 0
mono-golang/internal/middleware/authentication.go:116.57,117.21 1 0
mono-golang/internal/middleware/authentication.go:117.21,120.3 2 0
mono-golang/internal/middleware/authentication.go:123.81,126.2 2 0
mono-golang/internal/middleware/authentication.go:128.85,129.55 1 0
mono-golang/internal/middleware/authentication.go:129.55,131.3 1 0
mono-golang/internal/middleware/authentication.go:132.2,132.29 1 0
mono-golang/internal/middleware/cacheByURL.go:16.49,17.71 1 1
mono-golang/internal/middleware/cacheByURL.go:17.71,29.17 2 1
mono-golang/internal/middleware/cacheByURL.go:29.17,34.4 4 0
mono-golang/internal/middleware/cacheByURL.go:36.3,38.40 2 1
mono-golang/internal/middleware/cacheByURL.go:42.38,45.16 3 1
mono-golang/internal/middleware/cacheByURL.go:45.16,48.3 1 0
mono-golang/internal/middleware/cacheByURL.go:49.2,52.17 3 1
mono-golang/internal/middleware/content_type.go:8.51,9.54 1 1
mono-golang/internal/middleware/content_type.go:9.54,11.14 2 1
mono-golang/internal/middleware/content_type.go:12.15,13.47 1 1
mono-golang/internal/middleware/content_type.go:14.15,15.46 1 1
mono-golang/internal/middleware/content_type.go:16.14,17.60 1 1
mono-golang/internal/middleware/content_type.go:18.16,19.54 1 1
mono-golang/internal/middleware/content_type.go:20.15,21.48 1 1
mono-golang/internal/middleware/content_type.go:22.11,23.47 1 1
mono-golang/internal/middleware/content_type.go:26.3,26.20 1 1
mono-golang/internal/middleware/json.go:5.43,6.71 1 1
mono-golang/internal/middleware/json.go:6.71,9.3 2 1
mono-golang/internal/middleware/opentelemetry.go:17.56,18.46 1 1
mono-golang/internal/middleware/opentelemetry.go:18.46,20.66 1 1
mono-golang/internal/middleware/opentelemetry.go:20.66,23.16 2 1
mono-golang/internal/middleware/opentelemetry.go:23.16,25.6 1 1
mono-golang/internal/middleware/opentelemetry.go:27.5,33.11 7 1
mono-golang/internal/middleware/opentelemetry.go:33.11,35.6 1 1
mono-golang/internal/middleware/rate_limit.go:18.104,24.2 1 1
mono-golang/internal/middleware/rate_limit.go:26.66,27.73 1 1
mono-golang/internal/middleware/rate_limit.go:27.73,33.17 4 1
mono-golang/internal/middleware/rate_limit.go:33.17,36.4 2 1
mono-golang/internal/middleware/rate_limit.go:39.3,44.17 5 1
mono-golang/internal/middleware/rate_limit.go:44.17,47.4 2 0
mono-golang/internal/middleware/rate_limit.go:49.3,50.29 2 1
mono-golang/internal/middleware/rate_limit.go:50.29,55.4 4 1
mono-golang/internal/middleware/rate_limit.go:57.3,57.25 1 1
mono-golang/internal/middleware/recover.go:14.47,15.53 1 1
mono-golang/internal/middleware/recover.go:15.53,16.16 1 1
mono-golang/internal/middleware/recover.go:16.16,17.67 1 1
mono-golang/internal/middleware/recover.go:17.67,21.24 3 1
mono-golang/internal/middleware/recover.go:21.24,23.6 1 0
mono-golang/internal/middleware/recover.go:23.11,25.6 1 1
mono-golang/internal/middleware/recover.go:27.5,32.19 4 1
mono-golang/internal/middleware/recover.go:32.19,34.6 1 0
mono-golang/internal/middleware/recover.go:36.5,40.50 4 1
mono-golang/internal/middleware/recover.go:44.3,44.23 1 1
mono-golang/internal/middleware/recover.go:47.2,47.29 1 1
mono-golang/internal/middleware/security.go:16.75,17.34 1 1
mono-golang/internal/middleware/security.go:17.34,18.18 1 1
mono-golang/internal/middleware/security.go:18.18,20.4 1 1
mono-golang/internal/middleware/security.go:22.2,22.49 1 1
mono-golang/internal/middleware/security.go:26.54,28.2 1 0
mono-golang/internal/middleware/security.go:31.97,33.19 1 1
mono-golang/internal/middleware/security.go:33.19,35.3 1 0
mono-golang/internal/middleware/security.go:38.2,38.56 1 1
mono-golang/internal/middleware/security.go:38.56,41.3 2 0
mono-golang/internal/middleware/security.go:43.2,43.46 1 1
mono-golang/internal/middleware/security.go:43.46,44.72 1 1
mono-golang/internal/middleware/security.go:44.72,46.36 2 1
mono-golang/internal/middleware/security.go:46.36,48.5 1 1
mono-golang/internal/middleware/security.go:50.4,60.49 2 1
mono-golang/internal/middleware/security.go:60.49,62.5 1 1
mono-golang/internal/middleware/security.go:64.4,65.24 2 1
mono-golang/internal/middleware/security.go:71.57,72.71 1 1
mono-golang/internal/middleware/security.go:72.71,78.3 5 1
mono-golang/internal/middleware/security.go:82.43,83.30 1 1
mono-golang/internal/middleware/security.go:83.30,87.3 3 1
