mode: set
mail2calendar/cmd/main.go:24.13,54.16 8 0
mail2calendar/cmd/main.go:54.16,56.3 1 0
mail2calendar/cmd/main.go:57.2,77.12 7 0
mail2calendar/cmd/main.go:77.12,79.80 2 0
mail2calendar/cmd/main.go:79.80,81.4 1 0
mail2calendar/cmd/main.go:85.2,93.45 5 0
mail2calendar/cmd/main.go:93.45,95.3 1 0
mail2calendar/cmd/main.go:97.2,97.39 1 0
mail2calendar/cmd/app/main.go:41.13,47.24 3 0
mail2calendar/cmd/app/main.go:47.24,49.3 1 0
mail2calendar/cmd/app/main.go:52.2,64.16 3 0
mail2calendar/cmd/app/main.go:64.16,66.3 1 0
mail2calendar/cmd/app/main.go:69.2,104.12 14 0
mail2calendar/cmd/app/main.go:104.12,106.77 2 0
mail2calendar/cmd/app/main.go:106.77,108.4 1 0
mail2calendar/cmd/app/main.go:112.2,121.42 7 0
mail2calendar/cmd/app/main.go:121.42,123.3 1 0
mail2calendar/cmd/app/main.go:125.2,125.36 1 0
mail2calendar/cmd/go8/main.go:22.13,28.24 3 0
mail2calendar/cmd/go8/main.go:28.24,30.3 1 0
mail2calendar/cmd/go8/main.go:31.2,35.9 4 0
mail2calendar/cmd/migrate/main.go:14.13,23.2 5 0
mail2calendar/cmd/route/main.go:9.13,16.2 4 0
mail2calendar/cmd/seed/main.go:11.13,18.2 5 0
mail2calendar/database/migrate.go:21.53,27.27 3 0
mail2calendar/database/migrate.go:27.27,29.17 2 0
mail2calendar/database/migrate.go:29.17,31.4 1 0
mail2calendar/database/migrate.go:34.2,34.10 1 0
mail2calendar/database/migrate.go:37.24,38.53 1 0
mail2calendar/database/migrate.go:38.53,39.13 1 0
mail2calendar/database/migrate.go:43.26,44.55 1 0
mail2calendar/database/migrate.go:44.55,45.13 1 0
mail2calendar/database/migrate.go:49.52,50.35 1 0
mail2calendar/database/migrate.go:50.35,53.3 2 0
mail2calendar/database/seeder.go:19.31,23.2 1 0
mail2calendar/database/seeder.go:32.28,42.26 2 0
mail2calendar/database/seeder.go:42.26,44.17 2 0
mail2calendar/database/seeder.go:44.17,46.4 1 0
mail2calendar/database/seeder.go:47.3,57.17 2 0
mail2calendar/database/seeder.go:57.17,59.4 1 0
mail2calendar/database/seeder.go:63.34,66.16 2 0
mail2calendar/database/seeder.go:66.16,68.3 1 0
mail2calendar/database/seeder.go:69.2,70.80 2 0
mail2calendar/database/seeder.go:70.80,72.3 1 0
mail2calendar/database/seeder.go:75.35,81.25 5 0
mail2calendar/database/seeder.go:81.25,83.3 1 0
mail2calendar/database/seeder.go:85.2,90.12 4 0
mail2calendar/config/api.go:20.16,25.2 3 0
mail2calendar/config/cache.go:23.23,27.39 3 0
mail2calendar/config/cache.go:27.39,29.3 1 0
mail2calendar/config/cache.go:31.2,31.14 1 0
mail2calendar/config/cache.go:35.57,36.15 1 0
mail2calendar/config/cache.go:36.15,38.3 1 0
mail2calendar/config/cache.go:40.2,46.18 2 0
mail2calendar/config/cache.go:46.18,48.3 1 0
mail2calendar/config/cache.go:50.2,51.20 2 0
mail2calendar/config/config.go:21.20,23.16 2 0
mail2calendar/config/config.go:23.16,25.3 1 0
mail2calendar/config/config.go:27.2,35.3 1 0
mail2calendar/config/cookie.go:21.27,26.2 3 0
mail2calendar/config/cookie.go:30.55,31.15 1 0
mail2calendar/config/cookie.go:32.17,33.50 1 0
mail2calendar/config/cookie.go:34.13,35.46 1 0
mail2calendar/config/cookie.go:36.16,37.49 1 0
mail2calendar/config/cookie.go:38.14,39.47 1 0
mail2calendar/config/cookie.go:40.10,41.46 1 0
mail2calendar/config/cookie.go:44.2,44.12 1 0
mail2calendar/config/cors.go:9.21,14.2 3 0
mail2calendar/config/database.go:23.27,28.2 3 0
mail2calendar/config/dockertest.go:18.33,23.2 3 0
mail2calendar/config/elasticsearch.go:13.36,18.2 3 0
mail2calendar/config/opentelemetry.go:18.39,22.60 3 0
mail2calendar/config/opentelemetry.go:22.60,24.3 1 0
mail2calendar/config/opentelemetry.go:26.2,26.13 1 0
mail2calendar/docs/docs.go:804.13,806.2 1 0
mail2calendar/e2e/main.go:21.13,30.2 5 0
mail2calendar/e2e/main.go:32.12,35.2 2 0
mail2calendar/e2e/main.go:37.21,42.2 4 0
mail2calendar/e2e/main.go:44.24,65.16 4 0
mail2calendar/e2e/main.go:65.16,67.3 1 0
mail2calendar/e2e/main.go:68.2,70.43 2 0
mail2calendar/e2e/main.go:70.43,72.3 1 0
mail2calendar/e2e/main.go:74.2,75.69 2 0
mail2calendar/e2e/main.go:75.69,77.3 1 0
mail2calendar/e2e/main.go:79.2,79.27 1 0
mail2calendar/e2e/main.go:79.27,81.3 1 0
mail2calendar/e2e/main.go:83.2,83.39 1 0
mail2calendar/e2e/main.go:86.23,88.16 2 0
mail2calendar/e2e/main.go:88.16,90.3 1 0
mail2calendar/e2e/main.go:91.2,93.38 2 0
mail2calendar/e2e/main.go:93.38,95.3 1 0
mail2calendar/e2e/main.go:97.2,98.69 2 0
mail2calendar/e2e/main.go:98.69,100.3 1 0
mail2calendar/e2e/main.go:102.2,102.38 1 0
mail2calendar/e2e/main.go:105.24,127.16 5 0
mail2calendar/e2e/main.go:127.16,129.3 1 0
mail2calendar/e2e/main.go:131.2,132.16 2 0
mail2calendar/e2e/main.go:132.16,134.3 1 0
mail2calendar/e2e/main.go:135.2,137.38 2 0
mail2calendar/e2e/main.go:137.38,139.3 1 0
mail2calendar/e2e/main.go:141.2,142.69 2 0
mail2calendar/e2e/main.go:142.69,144.3 1 0
mail2calendar/e2e/main.go:146.2,146.39 1 0
mail2calendar/e2e/main.go:149.24,157.16 4 0
mail2calendar/e2e/main.go:157.16,159.3 1 0
mail2calendar/e2e/main.go:161.2,162.16 2 0
mail2calendar/e2e/main.go:162.16,164.3 1 0
mail2calendar/e2e/main.go:165.2,167.38 2 0
mail2calendar/e2e/main.go:167.38,169.3 1 0
mail2calendar/e2e/main.go:171.2,171.39 1 0
mail2calendar/e2e/main.go:174.38,176.6 2 0
mail2calendar/e2e/main.go:176.6,179.17 2 0
mail2calendar/e2e/main.go:179.17,182.4 2 0
mail2calendar/e2e/main.go:184.3,185.50 2 0
mail2calendar/e2e/main.go:185.50,186.26 1 0
mail2calendar/e2e/main.go:186.26,188.5 1 0
mail2calendar/e2e/main.go:193.4,198.18 5 0
mail2calendar/e2e/main.go:198.18,201.5 2 0
mail2calendar/ent/client.go:34.40,38.2 3 0
mail2calendar/ent/client.go:40.25,44.2 3 0
mail2calendar/ent/client.go:65.39,69.2 3 0
mail2calendar/ent/client.go:72.42,73.27 1 0
mail2calendar/ent/client.go:73.27,75.3 1 0
mail2calendar/ent/client.go:76.2,76.13 1 0
mail2calendar/ent/client.go:76.13,78.3 1 0
mail2calendar/ent/client.go:82.21,83.25 1 0
mail2calendar/ent/client.go:83.25,85.3 1 0
mail2calendar/ent/client.go:89.34,90.25 1 0
mail2calendar/ent/client.go:90.25,92.3 1 0
mail2calendar/ent/client.go:96.43,97.25 1 0
mail2calendar/ent/client.go:97.25,99.3 1 0
mail2calendar/ent/client.go:105.82,106.20 1 0
mail2calendar/ent/client.go:107.55,109.17 2 0
mail2calendar/ent/client.go:109.17,111.4 1 0
mail2calendar/ent/client.go:112.3,112.57 1 0
mail2calendar/ent/client.go:113.10,114.63 1 0
mail2calendar/ent/client.go:123.55,124.39 1 0
mail2calendar/ent/client.go:124.39,126.3 1 0
mail2calendar/ent/client.go:127.2,128.16 2 0
mail2calendar/ent/client.go:128.16,130.3 1 0
mail2calendar/ent/client.go:131.2,138.8 3 0
mail2calendar/ent/client.go:142.81,143.39 1 0
mail2calendar/ent/client.go:143.39,145.3 1 0
mail2calendar/ent/client.go:146.2,149.16 2 0
mail2calendar/ent/client.go:149.16,151.3 1 0
mail2calendar/ent/client.go:152.2,159.8 3 0
mail2calendar/ent/client.go:168.34,169.13 1 0
mail2calendar/ent/client.go:169.13,171.3 1 0
mail2calendar/ent/client.go:172.2,176.15 5 0
mail2calendar/ent/client.go:180.32,182.2 1 0
mail2calendar/ent/client.go:186.37,189.2 2 0
mail2calendar/ent/client.go:193.57,196.2 2 0
mail2calendar/ent/client.go:199.73,200.23 1 0
mail2calendar/ent/client.go:201.24,202.34 1 0
mail2calendar/ent/client.go:203.21,204.31 1 0
mail2calendar/ent/client.go:205.10,206.61 1 0
mail2calendar/ent/client.go:216.48,218.2 1 0
mail2calendar/ent/client.go:222.44,224.2 1 0
mail2calendar/ent/client.go:228.64,230.2 1 0
mail2calendar/ent/client.go:233.49,236.2 2 0
mail2calendar/ent/client.go:239.83,241.2 1 0
mail2calendar/ent/client.go:245.104,247.32 2 0
mail2calendar/ent/client.go:247.32,249.3 1 0
mail2calendar/ent/client.go:250.2,251.32 2 0
mail2calendar/ent/client.go:251.32,254.3 2 0
mail2calendar/ent/client.go:255.2,255.65 1 0
mail2calendar/ent/client.go:259.49,262.2 2 0
mail2calendar/ent/client.go:265.65,268.2 2 0
mail2calendar/ent/client.go:271.66,274.2 2 0
mail2calendar/ent/client.go:277.49,280.2 2 0
mail2calendar/ent/client.go:283.65,285.2 1 0
mail2calendar/ent/client.go:288.66,293.2 4 0
mail2calendar/ent/client.go:296.47,302.2 1 0
mail2calendar/ent/client.go:305.79,307.2 1 0
mail2calendar/ent/client.go:310.71,312.16 2 0
mail2calendar/ent/client.go:312.16,313.13 1 0
mail2calendar/ent/client.go:315.2,315.12 1 0
mail2calendar/ent/client.go:319.40,321.2 1 0
mail2calendar/ent/client.go:324.54,326.2 1 0
mail2calendar/ent/client.go:328.88,329.16 1 0
mail2calendar/ent/client.go:330.16,331.85 1 0
mail2calendar/ent/client.go:332.16,333.85 1 0
mail2calendar/ent/client.go:334.19,335.88 1 0
mail2calendar/ent/client.go:336.29,337.85 1 0
mail2calendar/ent/client.go:338.10,339.73 1 0
mail2calendar/ent/client.go:349.42,351.2 1 0
mail2calendar/ent/client.go:355.41,357.2 1 0
mail2calendar/ent/client.go:361.61,363.2 1 0
mail2calendar/ent/client.go:366.43,369.2 2 0
mail2calendar/ent/client.go:372.74,374.2 1 0
mail2calendar/ent/client.go:378.95,380.32 2 0
mail2calendar/ent/client.go:380.32,382.3 1 0
mail2calendar/ent/client.go:383.2,384.32 2 0
mail2calendar/ent/client.go:384.32,387.3 2 0
mail2calendar/ent/client.go:388.2,388.62 1 0
mail2calendar/ent/client.go:392.43,395.2 2 0
mail2calendar/ent/client.go:398.56,401.2 2 0
mail2calendar/ent/client.go:404.60,407.2 2 0
mail2calendar/ent/client.go:410.43,413.2 2 0
mail2calendar/ent/client.go:416.56,418.2 1 0
mail2calendar/ent/client.go:421.60,426.2 4 0
mail2calendar/ent/client.go:429.41,435.2 1 0
mail2calendar/ent/client.go:438.73,440.2 1 0
mail2calendar/ent/client.go:443.65,445.16 2 0
mail2calendar/ent/client.go:445.16,446.13 1 0
mail2calendar/ent/client.go:448.2,448.12 1 0
mail2calendar/ent/client.go:452.37,454.2 1 0
mail2calendar/ent/client.go:457.51,459.2 1 0
mail2calendar/ent/client.go:461.82,462.16 1 0
mail2calendar/ent/client.go:463.16,464.82 1 0
mail2calendar/ent/client.go:465.16,466.82 1 0
mail2calendar/ent/client.go:467.19,468.85 1 0
mail2calendar/ent/client.go:469.29,470.82 1 0
mail2calendar/ent/client.go:471.10,472.70 1 0
mail2calendar/ent/ent.go:41.47,44.2 2 0
mail2calendar/ent/ent.go:47.68,49.2 1 0
mail2calendar/ent/ent.go:54.45,57.2 2 0
mail2calendar/ent/ent.go:60.67,62.2 1 0
mail2calendar/ent/ent.go:74.46,75.22 1 0
mail2calendar/ent/ent.go:75.22,80.3 1 0
mail2calendar/ent/ent.go:81.2,81.35 1 0
mail2calendar/ent/ent.go:85.48,86.31 1 0
mail2calendar/ent/ent.go:86.31,87.28 1 0
mail2calendar/ent/ent.go:87.28,88.56 1 0
mail2calendar/ent/ent.go:88.56,90.5 1 0
mail2calendar/ent/ent.go:91.4,91.30 1 0
mail2calendar/ent/ent.go:97.49,98.31 1 0
mail2calendar/ent/ent.go:98.31,99.28 1 0
mail2calendar/ent/ent.go:99.28,100.56 1 0
mail2calendar/ent/ent.go:100.56,102.5 1 0
mail2calendar/ent/ent.go:103.4,103.31 1 0
mail2calendar/ent/ent.go:116.53,117.38 1 0
mail2calendar/ent/ent.go:117.38,119.3 1 0
mail2calendar/ent/ent.go:123.28,124.38 1 0
mail2calendar/ent/ent.go:124.38,126.3 1 0
mail2calendar/ent/ent.go:130.38,131.38 1 0
mail2calendar/ent/ent.go:131.38,132.59 1 0
mail2calendar/ent/ent.go:132.59,135.4 2 0
mail2calendar/ent/ent.go:136.3,136.29 1 0
mail2calendar/ent/ent.go:141.39,142.38 1 0
mail2calendar/ent/ent.go:142.38,143.59 1 0
mail2calendar/ent/ent.go:143.59,146.4 2 0
mail2calendar/ent/ent.go:147.3,147.29 1 0
mail2calendar/ent/ent.go:152.38,153.38 1 0
mail2calendar/ent/ent.go:153.38,154.59 1 0
mail2calendar/ent/ent.go:154.59,157.4 2 0
mail2calendar/ent/ent.go:158.3,158.29 1 0
mail2calendar/ent/ent.go:163.38,164.38 1 0
mail2calendar/ent/ent.go:164.38,165.59 1 0
mail2calendar/ent/ent.go:165.59,168.4 2 0
mail2calendar/ent/ent.go:169.3,169.29 1 0
mail2calendar/ent/ent.go:180.42,182.2 1 0
mail2calendar/ent/ent.go:185.42,187.2 1 0
mail2calendar/ent/ent.go:190.40,191.16 1 0
mail2calendar/ent/ent.go:191.16,193.3 1 0
mail2calendar/ent/ent.go:194.2,195.27 2 0
mail2calendar/ent/ent.go:204.40,206.2 1 0
mail2calendar/ent/ent.go:209.33,210.16 1 0
mail2calendar/ent/ent.go:210.16,212.3 1 0
mail2calendar/ent/ent.go:213.2,214.27 2 0
mail2calendar/ent/ent.go:218.36,219.21 1 0
mail2calendar/ent/ent.go:219.21,221.3 1 0
mail2calendar/ent/ent.go:222.2,222.12 1 0
mail2calendar/ent/ent.go:231.43,233.2 1 0
mail2calendar/ent/ent.go:236.36,237.16 1 0
mail2calendar/ent/ent.go:237.16,239.3 1 0
mail2calendar/ent/ent.go:240.2,241.27 2 0
mail2calendar/ent/ent.go:250.41,252.2 1 0
mail2calendar/ent/ent.go:255.34,256.16 1 0
mail2calendar/ent/ent.go:256.16,258.3 1 0
mail2calendar/ent/ent.go:259.2,260.27 2 0
mail2calendar/ent/ent.go:272.41,274.2 1 0
mail2calendar/ent/ent.go:277.42,279.2 1 0
mail2calendar/ent/ent.go:282.40,283.16 1 0
mail2calendar/ent/ent.go:283.16,285.3 1 0
mail2calendar/ent/ent.go:286.2,287.27 2 0
mail2calendar/ent/ent.go:299.54,300.39 1 0
mail2calendar/ent/ent.go:300.39,301.13 1 0
mail2calendar/ent/ent.go:306.67,307.22 1 0
mail2calendar/ent/ent.go:307.22,309.3 1 0
mail2calendar/ent/ent.go:310.2,311.40 2 0
mail2calendar/ent/ent.go:311.40,313.3 1 0
mail2calendar/ent/ent.go:314.2,314.15 1 0
mail2calendar/ent/ent.go:318.59,320.16 2 0
mail2calendar/ent/ent.go:320.16,321.13 1 0
mail2calendar/ent/ent.go:323.2,323.10 1 0
mail2calendar/ent/ent.go:327.70,329.41 2 0
mail2calendar/ent/ent.go:329.41,331.3 1 0
mail2calendar/ent/ent.go:332.2,332.16 1 0
mail2calendar/ent/ent.go:333.9,334.19 1 0
mail2calendar/ent/ent.go:335.9,336.32 1 0
mail2calendar/ent/ent.go:337.10,338.85 1 0
mail2calendar/ent/ent.go:340.2,340.8 1 0
mail2calendar/ent/ent.go:344.56,346.16 2 0
mail2calendar/ent/ent.go:346.16,347.13 1 0
mail2calendar/ent/ent.go:349.2,349.10 1 0
mail2calendar/ent/ent.go:353.61,354.22 1 0
mail2calendar/ent/ent.go:354.22,356.3 1 0
mail2calendar/ent/ent.go:357.2,358.40 2 0
mail2calendar/ent/ent.go:358.40,360.3 1 0
mail2calendar/ent/ent.go:361.2,361.15 1 0
mail2calendar/ent/ent.go:365.53,367.16 2 0
mail2calendar/ent/ent.go:367.16,368.13 1 0
mail2calendar/ent/ent.go:370.2,370.10 1 0
mail2calendar/ent/ent.go:374.64,376.38 2 0
mail2calendar/ent/ent.go:376.38,378.3 1 0
mail2calendar/ent/ent.go:379.2,379.16 1 0
mail2calendar/ent/ent.go:380.9,381.19 1 0
mail2calendar/ent/ent.go:382.9,383.32 1 0
mail2calendar/ent/ent.go:384.10,385.82 1 0
mail2calendar/ent/ent.go:387.2,387.8 1 0
mail2calendar/ent/ent.go:391.50,393.16 2 0
mail2calendar/ent/ent.go:393.16,394.13 1 0
mail2calendar/ent/ent.go:396.2,396.10 1 0
mail2calendar/ent/ent.go:400.69,401.22 1 0
mail2calendar/ent/ent.go:401.22,403.3 1 0
mail2calendar/ent/ent.go:404.2,405.40 2 0
mail2calendar/ent/ent.go:405.40,407.3 1 0
mail2calendar/ent/ent.go:408.2,408.15 1 0
mail2calendar/ent/ent.go:412.61,414.16 2 0
mail2calendar/ent/ent.go:414.16,415.13 1 0
mail2calendar/ent/ent.go:417.2,417.10 1 0
mail2calendar/ent/ent.go:421.72,423.42 2 0
mail2calendar/ent/ent.go:423.42,425.3 1 0
mail2calendar/ent/ent.go:426.2,426.16 1 0
mail2calendar/ent/ent.go:427.9,428.19 1 0
mail2calendar/ent/ent.go:429.9,430.32 1 0
mail2calendar/ent/ent.go:431.10,432.86 1 0
mail2calendar/ent/ent.go:434.2,434.8 1 0
mail2calendar/ent/ent.go:438.58,440.16 2 0
mail2calendar/ent/ent.go:440.16,441.13 1 0
mail2calendar/ent/ent.go:443.2,443.10 1 0
mail2calendar/ent/ent.go:447.63,448.22 1 0
mail2calendar/ent/ent.go:448.22,450.3 1 0
mail2calendar/ent/ent.go:451.2,452.40 2 0
mail2calendar/ent/ent.go:452.40,454.3 1 0
mail2calendar/ent/ent.go:455.2,455.15 1 0
mail2calendar/ent/ent.go:459.55,461.16 2 0
mail2calendar/ent/ent.go:461.16,462.13 1 0
mail2calendar/ent/ent.go:464.2,464.10 1 0
mail2calendar/ent/ent.go:468.66,470.39 2 0
mail2calendar/ent/ent.go:470.39,472.3 1 0
mail2calendar/ent/ent.go:473.2,473.16 1 0
mail2calendar/ent/ent.go:474.9,475.19 1 0
mail2calendar/ent/ent.go:476.9,477.32 1 0
mail2calendar/ent/ent.go:478.10,479.83 1 0
mail2calendar/ent/ent.go:481.2,481.8 1 0
mail2calendar/ent/ent.go:485.52,487.16 2 0
mail2calendar/ent/ent.go:487.16,488.13 1 0
mail2calendar/ent/ent.go:490.2,490.10 1 0
mail2calendar/ent/ent.go:497.112,498.21 1 0
mail2calendar/ent/ent.go:498.21,500.3 1 0
mail2calendar/ent/ent.go:501.2,501.84 1 0
mail2calendar/ent/ent.go:501.84,503.10 2 0
mail2calendar/ent/ent.go:503.10,505.4 1 0
mail2calendar/ent/ent.go:507.3,508.19 2 0
mail2calendar/ent/ent.go:510.2,510.39 1 0
mail2calendar/ent/ent.go:510.39,511.22 1 0
mail2calendar/ent/ent.go:511.22,513.4 1 0
mail2calendar/ent/ent.go:514.3,514.22 1 0
mail2calendar/ent/ent.go:516.2,517.16 2 0
mail2calendar/ent/ent.go:517.16,519.3 1 0
mail2calendar/ent/ent.go:520.2,521.9 2 0
mail2calendar/ent/ent.go:521.9,523.3 1 0
mail2calendar/ent/ent.go:524.2,524.16 1 0
mail2calendar/ent/ent.go:528.85,529.38 1 0
mail2calendar/ent/ent.go:529.38,532.3 2 0
mail2calendar/ent/ent.go:533.2,533.12 1 0
mail2calendar/ent/ent.go:538.14,539.71 1 0
mail2calendar/ent/ent.go:539.71,541.10 2 0
mail2calendar/ent/ent.go:541.10,543.4 1 0
mail2calendar/ent/ent.go:544.3,544.27 1 0
mail2calendar/ent/ent.go:550.14,551.71 1 0
mail2calendar/ent/ent.go:551.71,553.10 2 0
mail2calendar/ent/ent.go:553.10,555.4 1 0
mail2calendar/ent/ent.go:556.3,556.29 1 0
mail2calendar/ent/ent.go:560.113,561.40 1 0
mail2calendar/ent/ent.go:561.40,563.3 1 0
mail2calendar/ent/ent.go:564.2,565.16 2 0
mail2calendar/ent/ent.go:565.16,567.3 1 0
mail2calendar/ent/ent.go:568.2,569.9 2 0
mail2calendar/ent/ent.go:569.9,571.3 1 0
mail2calendar/ent/ent.go:572.2,572.16 1 0
mail2calendar/ent/ent.go:577.92,579.81 2 0
mail2calendar/ent/ent.go:579.81,581.10 2 0
mail2calendar/ent/ent.go:581.10,583.4 1 0
mail2calendar/ent/ent.go:584.3,584.62 1 0
mail2calendar/ent/ent.go:584.62,586.4 1 0
mail2calendar/ent/ent.go:587.3,587.71 1 0
mail2calendar/ent/ent.go:587.71,589.4 1 0
mail2calendar/ent/ent.go:590.3,590.16 1 0
mail2calendar/ent/ent.go:592.2,592.40 1 0
mail2calendar/ent/ent.go:592.40,594.3 1 0
mail2calendar/ent/ent.go:595.2,596.16 2 0
mail2calendar/ent/ent.go:596.16,598.3 1 0
mail2calendar/ent/ent.go:599.2,599.37 1 0
mail2calendar/ent/ent.go:600.61,600.61 0 0
mail2calendar/ent/ent.go:601.31,602.28 1 0
mail2calendar/ent/ent.go:603.38,604.21 1 0
mail2calendar/ent/ent.go:606.2,606.12 1 0
mail2calendar/ent/mutation.go:54.82,61.27 2 0
mail2calendar/ent/mutation.go:61.27,63.3 1 0
mail2calendar/ent/mutation.go:64.2,64.10 1 0
mail2calendar/ent/mutation.go:68.45,69.34 1 0
mail2calendar/ent/mutation.go:69.34,75.60 2 0
mail2calendar/ent/mutation.go:75.60,76.19 1 0
mail2calendar/ent/mutation.go:76.19,77.15 1 0
mail2calendar/ent/mutation.go:77.15,79.6 1 0
mail2calendar/ent/mutation.go:79.11,81.6 1 0
mail2calendar/ent/mutation.go:83.4,83.21 1 0
mail2calendar/ent/mutation.go:85.3,85.13 1 0
mail2calendar/ent/mutation.go:90.47,91.34 1 0
mail2calendar/ent/mutation.go:91.34,92.56 1 0
mail2calendar/ent/mutation.go:92.56,94.4 1 0
mail2calendar/ent/mutation.go:95.3,95.18 1 0
mail2calendar/ent/mutation.go:101.43,105.2 3 0
mail2calendar/ent/mutation.go:109.44,110.40 1 0
mail2calendar/ent/mutation.go:110.40,112.3 1 0
mail2calendar/ent/mutation.go:113.2,115.16 3 0
mail2calendar/ent/mutation.go:120.44,122.2 1 0
mail2calendar/ent/mutation.go:126.57,127.17 1 0
mail2calendar/ent/mutation.go:127.17,129.3 1 0
mail2calendar/ent/mutation.go:130.2,130.20 1 0
mail2calendar/ent/mutation.go:137.70,138.9 1 0
mail2calendar/ent/mutation.go:139.42,141.13 2 0
mail2calendar/ent/mutation.go:141.13,143.4 1 0
mail2calendar/ent/mutation.go:144.3,144.14 1 0
mail2calendar/ent/mutation.go:145.36,146.68 1 0
mail2calendar/ent/mutation.go:147.10,148.70 1 0
mail2calendar/ent/mutation.go:153.47,156.2 2 0
mail2calendar/ent/mutation.go:159.60,161.14 2 0
mail2calendar/ent/mutation.go:161.14,163.3 1 0
mail2calendar/ent/mutation.go:164.2,164.17 1 0
mail2calendar/ent/mutation.go:170.81,171.27 1 0
mail2calendar/ent/mutation.go:171.27,173.3 1 0
mail2calendar/ent/mutation.go:174.2,174.38 1 0
mail2calendar/ent/mutation.go:174.38,176.3 1 0
mail2calendar/ent/mutation.go:177.2,178.16 2 0
mail2calendar/ent/mutation.go:178.16,180.3 1 0
mail2calendar/ent/mutation.go:181.2,181.29 1 0
mail2calendar/ent/mutation.go:185.46,186.25 1 0
mail2calendar/ent/mutation.go:186.25,188.3 1 0
mail2calendar/ent/mutation.go:188.8,190.3 1 0
mail2calendar/ent/mutation.go:194.64,196.14 2 0
mail2calendar/ent/mutation.go:196.14,198.3 1 0
mail2calendar/ent/mutation.go:199.2,199.17 1 0
mail2calendar/ent/mutation.go:203.41,207.2 3 0
mail2calendar/ent/mutation.go:210.48,213.2 2 0
mail2calendar/ent/mutation.go:216.41,220.2 3 0
mail2calendar/ent/mutation.go:223.45,225.2 1 0
mail2calendar/ent/mutation.go:228.58,230.14 2 0
mail2calendar/ent/mutation.go:230.14,232.3 1 0
mail2calendar/ent/mutation.go:233.2,233.17 1 0
mail2calendar/ent/mutation.go:239.78,240.27 1 0
mail2calendar/ent/mutation.go:240.27,242.3 1 0
mail2calendar/ent/mutation.go:243.2,243.38 1 0
mail2calendar/ent/mutation.go:243.38,245.3 1 0
mail2calendar/ent/mutation.go:246.2,247.16 2 0
mail2calendar/ent/mutation.go:247.16,249.3 1 0
mail2calendar/ent/mutation.go:250.2,250.27 1 0
mail2calendar/ent/mutation.go:254.39,256.2 1 0
mail2calendar/ent/mutation.go:259.50,261.2 1 0
mail2calendar/ent/mutation.go:264.63,266.14 2 0
mail2calendar/ent/mutation.go:266.14,268.3 1 0
mail2calendar/ent/mutation.go:269.2,269.17 1 0
mail2calendar/ent/mutation.go:275.83,276.27 1 0
mail2calendar/ent/mutation.go:276.27,278.3 1 0
mail2calendar/ent/mutation.go:279.2,279.38 1 0
mail2calendar/ent/mutation.go:279.38,281.3 1 0
mail2calendar/ent/mutation.go:282.2,283.16 2 0
mail2calendar/ent/mutation.go:283.16,285.3 1 0
mail2calendar/ent/mutation.go:286.2,286.29 1 0
mail2calendar/ent/mutation.go:290.41,292.2 1 0
mail2calendar/ent/mutation.go:295.58,297.2 1 0
mail2calendar/ent/mutation.go:301.61,303.20 2 0
mail2calendar/ent/mutation.go:303.20,305.3 1 0
mail2calendar/ent/mutation.go:306.2,306.15 1 0
mail2calendar/ent/mutation.go:310.35,312.2 1 0
mail2calendar/ent/mutation.go:315.40,317.2 1 0
mail2calendar/ent/mutation.go:320.41,322.2 1 0
mail2calendar/ent/mutation.go:327.45,329.22 2 0
mail2calendar/ent/mutation.go:329.22,331.3 1 0
mail2calendar/ent/mutation.go:332.2,332.19 1 0
mail2calendar/ent/mutation.go:332.19,334.3 1 0
mail2calendar/ent/mutation.go:335.2,335.21 1 0
mail2calendar/ent/mutation.go:335.21,337.3 1 0
mail2calendar/ent/mutation.go:338.2,338.15 1 0
mail2calendar/ent/mutation.go:344.64,345.14 1 0
mail2calendar/ent/mutation.go:346.27,347.20 1 0
mail2calendar/ent/mutation.go:348.25,349.18 1 0
mail2calendar/ent/mutation.go:350.27,351.20 1 0
mail2calendar/ent/mutation.go:353.2,353.19 1 0
mail2calendar/ent/mutation.go:359.89,360.14 1 0
mail2calendar/ent/mutation.go:361.27,362.26 1 0
mail2calendar/ent/mutation.go:363.25,364.24 1 0
mail2calendar/ent/mutation.go:365.27,366.26 1 0
mail2calendar/ent/mutation.go:368.2,368.58 1 0
mail2calendar/ent/mutation.go:374.72,375.14 1 0
mail2calendar/ent/mutation.go:376.27,378.10 2 0
mail2calendar/ent/mutation.go:378.10,380.4 1 0
mail2calendar/ent/mutation.go:381.3,382.13 2 0
mail2calendar/ent/mutation.go:383.25,385.10 2 0
mail2calendar/ent/mutation.go:385.10,387.4 1 0
mail2calendar/ent/mutation.go:388.3,389.13 2 0
mail2calendar/ent/mutation.go:390.27,392.10 2 0
mail2calendar/ent/mutation.go:392.10,394.4 1 0
mail2calendar/ent/mutation.go:395.3,396.13 2 0
mail2calendar/ent/mutation.go:398.2,398.53 1 0
mail2calendar/ent/mutation.go:403.50,405.25 2 0
mail2calendar/ent/mutation.go:405.25,407.3 1 0
mail2calendar/ent/mutation.go:408.2,408.15 1 0
mail2calendar/ent/mutation.go:414.69,415.14 1 0
mail2calendar/ent/mutation.go:416.27,417.25 1 0
mail2calendar/ent/mutation.go:419.2,419.19 1 0
mail2calendar/ent/mutation.go:425.72,426.14 1 0
mail2calendar/ent/mutation.go:427.27,429.10 2 0
mail2calendar/ent/mutation.go:429.10,431.4 1 0
mail2calendar/ent/mutation.go:432.3,433.13 2 0
mail2calendar/ent/mutation.go:435.2,435.61 1 0
mail2calendar/ent/mutation.go:440.52,442.41 2 0
mail2calendar/ent/mutation.go:442.41,444.3 1 0
mail2calendar/ent/mutation.go:445.2,445.15 1 0
mail2calendar/ent/mutation.go:450.58,453.2 2 0
mail2calendar/ent/mutation.go:457.57,458.14 1 0
mail2calendar/ent/mutation.go:459.27,461.13 2 0
mail2calendar/ent/mutation.go:463.2,463.62 1 0
mail2calendar/ent/mutation.go:468.57,469.14 1 0
mail2calendar/ent/mutation.go:470.27,472.13 2 0
mail2calendar/ent/mutation.go:473.25,475.13 2 0
mail2calendar/ent/mutation.go:476.27,478.13 2 0
mail2calendar/ent/mutation.go:480.2,480.53 1 0
mail2calendar/ent/mutation.go:484.49,487.2 2 0
mail2calendar/ent/mutation.go:491.61,493.2 1 0
mail2calendar/ent/mutation.go:496.51,499.2 2 0
mail2calendar/ent/mutation.go:503.63,505.2 1 0
mail2calendar/ent/mutation.go:508.51,511.2 2 0
mail2calendar/ent/mutation.go:515.57,517.2 1 0
mail2calendar/ent/mutation.go:521.56,523.2 1 0
mail2calendar/ent/mutation.go:527.56,529.2 1 0
mail2calendar/ent/mutation.go:555.73,562.27 2 0
mail2calendar/ent/mutation.go:562.27,564.3 1 0
mail2calendar/ent/mutation.go:565.2,565.10 1 0
mail2calendar/ent/mutation.go:569.39,570.31 1 0
mail2calendar/ent/mutation.go:570.31,576.57 2 0
mail2calendar/ent/mutation.go:576.57,577.19 1 0
mail2calendar/ent/mutation.go:577.19,578.15 1 0
mail2calendar/ent/mutation.go:578.15,580.6 1 0
mail2calendar/ent/mutation.go:580.11,582.6 1 0
mail2calendar/ent/mutation.go:584.4,584.21 1 0
mail2calendar/ent/mutation.go:586.3,586.13 1 0
mail2calendar/ent/mutation.go:591.38,592.31 1 0
mail2calendar/ent/mutation.go:592.31,593.53 1 0
mail2calendar/ent/mutation.go:593.53,595.4 1 0
mail2calendar/ent/mutation.go:596.3,596.18 1 0
mail2calendar/ent/mutation.go:602.40,606.2 3 0
mail2calendar/ent/mutation.go:610.41,611.40 1 0
mail2calendar/ent/mutation.go:611.40,613.3 1 0
mail2calendar/ent/mutation.go:614.2,616.16 3 0
mail2calendar/ent/mutation.go:621.41,623.2 1 0
mail2calendar/ent/mutation.go:627.54,628.17 1 0
mail2calendar/ent/mutation.go:628.17,630.3 1 0
mail2calendar/ent/mutation.go:631.2,631.20 1 0
mail2calendar/ent/mutation.go:638.67,639.9 1 0
mail2calendar/ent/mutation.go:640.42,642.13 2 0
mail2calendar/ent/mutation.go:642.13,644.4 1 0
mail2calendar/ent/mutation.go:645.3,645.14 1 0
mail2calendar/ent/mutation.go:646.36,647.65 1 0
mail2calendar/ent/mutation.go:648.10,649.70 1 0
mail2calendar/ent/mutation.go:654.47,656.2 1 0
mail2calendar/ent/mutation.go:659.60,661.14 2 0
mail2calendar/ent/mutation.go:661.14,663.3 1 0
mail2calendar/ent/mutation.go:664.2,664.17 1 0
mail2calendar/ent/mutation.go:670.80,671.27 1 0
mail2calendar/ent/mutation.go:671.27,673.3 1 0
mail2calendar/ent/mutation.go:674.2,674.38 1 0
mail2calendar/ent/mutation.go:674.38,676.3 1 0
mail2calendar/ent/mutation.go:677.2,678.16 2 0
mail2calendar/ent/mutation.go:678.16,680.3 1 0
mail2calendar/ent/mutation.go:681.2,681.32 1 0
mail2calendar/ent/mutation.go:685.41,688.2 2 0
mail2calendar/ent/mutation.go:691.48,694.2 2 0
mail2calendar/ent/mutation.go:697.41,700.2 2 0
mail2calendar/ent/mutation.go:703.48,705.2 1 0
mail2calendar/ent/mutation.go:708.61,710.14 2 0
mail2calendar/ent/mutation.go:710.14,712.3 1 0
mail2calendar/ent/mutation.go:713.2,713.17 1 0
mail2calendar/ent/mutation.go:719.81,720.27 1 0
mail2calendar/ent/mutation.go:720.27,722.3 1 0
mail2calendar/ent/mutation.go:723.2,723.38 1 0
mail2calendar/ent/mutation.go:723.38,725.3 1 0
mail2calendar/ent/mutation.go:726.2,727.16 2 0
mail2calendar/ent/mutation.go:727.16,729.3 1 0
mail2calendar/ent/mutation.go:730.2,730.33 1 0
mail2calendar/ent/mutation.go:734.42,737.2 2 0
mail2calendar/ent/mutation.go:740.49,743.2 2 0
mail2calendar/ent/mutation.go:746.42,749.2 2 0
mail2calendar/ent/mutation.go:752.46,754.2 1 0
mail2calendar/ent/mutation.go:757.59,759.14 2 0
mail2calendar/ent/mutation.go:759.14,761.3 1 0
mail2calendar/ent/mutation.go:762.2,762.17 1 0
mail2calendar/ent/mutation.go:768.79,769.27 1 0
mail2calendar/ent/mutation.go:769.27,771.3 1 0
mail2calendar/ent/mutation.go:772.2,772.38 1 0
mail2calendar/ent/mutation.go:772.38,774.3 1 0
mail2calendar/ent/mutation.go:775.2,776.16 2 0
mail2calendar/ent/mutation.go:776.16,778.3 1 0
mail2calendar/ent/mutation.go:779.2,779.31 1 0
mail2calendar/ent/mutation.go:783.40,786.2 2 0
mail2calendar/ent/mutation.go:789.47,792.2 2 0
mail2calendar/ent/mutation.go:795.40,798.2 2 0
mail2calendar/ent/mutation.go:801.43,803.2 1 0
mail2calendar/ent/mutation.go:806.56,808.14 2 0
mail2calendar/ent/mutation.go:808.14,810.3 1 0
mail2calendar/ent/mutation.go:811.2,811.17 1 0
mail2calendar/ent/mutation.go:817.76,818.27 1 0
mail2calendar/ent/mutation.go:818.27,820.3 1 0
mail2calendar/ent/mutation.go:821.2,821.38 1 0
mail2calendar/ent/mutation.go:821.38,823.3 1 0
mail2calendar/ent/mutation.go:824.2,825.16 2 0
mail2calendar/ent/mutation.go:825.16,827.3 1 0
mail2calendar/ent/mutation.go:828.2,828.28 1 0
mail2calendar/ent/mutation.go:832.37,834.2 1 0
mail2calendar/ent/mutation.go:837.46,839.2 1 0
mail2calendar/ent/mutation.go:842.59,844.14 2 0
mail2calendar/ent/mutation.go:844.14,846.3 1 0
mail2calendar/ent/mutation.go:847.2,847.17 1 0
mail2calendar/ent/mutation.go:853.79,854.27 1 0
mail2calendar/ent/mutation.go:854.27,856.3 1 0
mail2calendar/ent/mutation.go:857.2,857.38 1 0
mail2calendar/ent/mutation.go:857.38,859.3 1 0
mail2calendar/ent/mutation.go:860.2,861.16 2 0
mail2calendar/ent/mutation.go:861.16,863.3 1 0
mail2calendar/ent/mutation.go:864.2,864.31 1 0
mail2calendar/ent/mutation.go:868.40,870.2 1 0
mail2calendar/ent/mutation.go:873.51,875.2 1 0
mail2calendar/ent/mutation.go:878.64,880.14 2 0
mail2calendar/ent/mutation.go:880.14,882.3 1 0
mail2calendar/ent/mutation.go:883.2,883.17 1 0
mail2calendar/ent/mutation.go:889.85,890.27 1 0
mail2calendar/ent/mutation.go:890.27,892.3 1 0
mail2calendar/ent/mutation.go:893.2,893.38 1 0
mail2calendar/ent/mutation.go:893.38,895.3 1 0
mail2calendar/ent/mutation.go:896.2,897.16 2 0
mail2calendar/ent/mutation.go:897.16,899.3 1 0
mail2calendar/ent/mutation.go:900.2,900.33 1 0
mail2calendar/ent/mutation.go:904.42,907.2 2 0
mail2calendar/ent/mutation.go:910.49,913.2 2 0
mail2calendar/ent/mutation.go:916.42,919.2 2 0
mail2calendar/ent/mutation.go:922.52,924.2 1 0
mail2calendar/ent/mutation.go:928.58,930.20 2 0
mail2calendar/ent/mutation.go:930.20,932.3 1 0
mail2calendar/ent/mutation.go:933.2,933.15 1 0
mail2calendar/ent/mutation.go:937.32,939.2 1 0
mail2calendar/ent/mutation.go:942.37,944.2 1 0
mail2calendar/ent/mutation.go:947.38,949.2 1 0
mail2calendar/ent/mutation.go:954.42,956.25 2 0
mail2calendar/ent/mutation.go:956.25,958.3 1 0
mail2calendar/ent/mutation.go:959.2,959.26 1 0
mail2calendar/ent/mutation.go:959.26,961.3 1 0
mail2calendar/ent/mutation.go:962.2,962.24 1 0
mail2calendar/ent/mutation.go:962.24,964.3 1 0
mail2calendar/ent/mutation.go:965.2,965.20 1 0
mail2calendar/ent/mutation.go:965.20,967.3 1 0
mail2calendar/ent/mutation.go:968.2,968.23 1 0
mail2calendar/ent/mutation.go:968.23,970.3 1 0
mail2calendar/ent/mutation.go:971.2,971.26 1 0
mail2calendar/ent/mutation.go:971.26,973.3 1 0
mail2calendar/ent/mutation.go:974.2,974.15 1 0
mail2calendar/ent/mutation.go:980.61,981.14 1 0
mail2calendar/ent/mutation.go:982.27,983.23 1 0
mail2calendar/ent/mutation.go:984.28,985.24 1 0
mail2calendar/ent/mutation.go:986.26,987.22 1 0
mail2calendar/ent/mutation.go:988.23,989.19 1 0
mail2calendar/ent/mutation.go:990.26,991.22 1 0
mail2calendar/ent/mutation.go:992.28,993.24 1 0
mail2calendar/ent/mutation.go:995.2,995.19 1 0
mail2calendar/ent/mutation.go:1001.86,1002.14 1 0
mail2calendar/ent/mutation.go:1003.27,1004.29 1 0
mail2calendar/ent/mutation.go:1005.28,1006.30 1 0
mail2calendar/ent/mutation.go:1007.26,1008.28 1 0
mail2calendar/ent/mutation.go:1009.23,1010.25 1 0
mail2calendar/ent/mutation.go:1011.26,1012.28 1 0
mail2calendar/ent/mutation.go:1013.28,1014.30 1 0
mail2calendar/ent/mutation.go:1016.2,1016.55 1 0
mail2calendar/ent/mutation.go:1022.69,1023.14 1 0
mail2calendar/ent/mutation.go:1024.27,1026.10 2 0
mail2calendar/ent/mutation.go:1026.10,1028.4 1 0
mail2calendar/ent/mutation.go:1029.3,1030.13 2 0
mail2calendar/ent/mutation.go:1031.28,1033.10 2 0
mail2calendar/ent/mutation.go:1033.10,1035.4 1 0
mail2calendar/ent/mutation.go:1036.3,1037.13 2 0
mail2calendar/ent/mutation.go:1038.26,1040.10 2 0
mail2calendar/ent/mutation.go:1040.10,1042.4 1 0
mail2calendar/ent/mutation.go:1043.3,1044.13 2 0
mail2calendar/ent/mutation.go:1045.23,1047.10 2 0
mail2calendar/ent/mutation.go:1047.10,1049.4 1 0
mail2calendar/ent/mutation.go:1050.3,1051.13 2 0
mail2calendar/ent/mutation.go:1052.26,1054.10 2 0
mail2calendar/ent/mutation.go:1054.10,1056.4 1 0
mail2calendar/ent/mutation.go:1057.3,1058.13 2 0
mail2calendar/ent/mutation.go:1059.28,1061.10 2 0
mail2calendar/ent/mutation.go:1061.10,1063.4 1 0
mail2calendar/ent/mutation.go:1064.3,1065.13 2 0
mail2calendar/ent/mutation.go:1067.2,1067.50 1 0
mail2calendar/ent/mutation.go:1072.47,1074.2 1 0
mail2calendar/ent/mutation.go:1079.66,1081.2 1 0
mail2calendar/ent/mutation.go:1086.69,1087.14 1 0
mail2calendar/ent/mutation.go:1089.2,1089.58 1 0
mail2calendar/ent/mutation.go:1094.49,1096.41 2 0
mail2calendar/ent/mutation.go:1096.41,1098.3 1 0
mail2calendar/ent/mutation.go:1099.2,1099.42 1 0
mail2calendar/ent/mutation.go:1099.42,1101.3 1 0
mail2calendar/ent/mutation.go:1102.2,1102.40 1 0
mail2calendar/ent/mutation.go:1102.40,1104.3 1 0
mail2calendar/ent/mutation.go:1105.2,1105.42 1 0
mail2calendar/ent/mutation.go:1105.42,1107.3 1 0
mail2calendar/ent/mutation.go:1108.2,1108.15 1 0
mail2calendar/ent/mutation.go:1113.55,1116.2 2 0
mail2calendar/ent/mutation.go:1120.54,1121.14 1 0
mail2calendar/ent/mutation.go:1122.27,1124.13 2 0
mail2calendar/ent/mutation.go:1125.28,1127.13 2 0
mail2calendar/ent/mutation.go:1128.26,1130.13 2 0
mail2calendar/ent/mutation.go:1131.28,1133.13 2 0
mail2calendar/ent/mutation.go:1135.2,1135.59 1 0
mail2calendar/ent/mutation.go:1140.54,1141.14 1 0
mail2calendar/ent/mutation.go:1142.27,1144.13 2 0
mail2calendar/ent/mutation.go:1145.28,1147.13 2 0
mail2calendar/ent/mutation.go:1148.26,1150.13 2 0
mail2calendar/ent/mutation.go:1151.23,1153.13 2 0
mail2calendar/ent/mutation.go:1154.26,1156.13 2 0
mail2calendar/ent/mutation.go:1157.28,1159.13 2 0
mail2calendar/ent/mutation.go:1161.2,1161.50 1 0
mail2calendar/ent/mutation.go:1165.46,1168.2 2 0
mail2calendar/ent/mutation.go:1172.58,1174.2 1 0
mail2calendar/ent/mutation.go:1177.48,1180.2 2 0
mail2calendar/ent/mutation.go:1184.60,1186.2 1 0
mail2calendar/ent/mutation.go:1189.48,1192.2 2 0
mail2calendar/ent/mutation.go:1196.54,1198.2 1 0
mail2calendar/ent/mutation.go:1202.53,1204.2 1 0
mail2calendar/ent/mutation.go:1208.53,1210.2 1 0
mail2calendar/ent/runtime.go:8.14,9.2 0 0
mail2calendar/ent/session.go:30.61,32.25 2 0
mail2calendar/ent/session.go:32.25,33.21 1 0
mail2calendar/ent/session.go:34.26,35.27 1 0
mail2calendar/ent/session.go:36.28,37.34 1 0
mail2calendar/ent/session.go:38.24,39.35 1 0
mail2calendar/ent/session.go:40.28,41.33 1 0
mail2calendar/ent/session.go:42.11,43.36 1 0
mail2calendar/ent/session.go:46.2,46.20 1 0
mail2calendar/ent/session.go:51.70,52.46 1 0
mail2calendar/ent/session.go:52.46,54.3 1 0
mail2calendar/ent/session.go:55.2,55.25 1 0
mail2calendar/ent/session.go:55.25,56.21 1 0
mail2calendar/ent/session.go:57.24,58.53 1 0
mail2calendar/ent/session.go:58.53,60.5 1 0
mail2calendar/ent/session.go:60.10,60.26 1 0
mail2calendar/ent/session.go:60.26,62.5 1 0
mail2calendar/ent/session.go:63.28,64.52 1 0
mail2calendar/ent/session.go:64.52,66.5 1 0
mail2calendar/ent/session.go:66.10,66.26 1 0
mail2calendar/ent/session.go:66.26,69.5 2 0
mail2calendar/ent/session.go:70.26,71.45 1 0
mail2calendar/ent/session.go:71.45,73.5 1 0
mail2calendar/ent/session.go:73.10,73.27 1 0
mail2calendar/ent/session.go:73.27,75.5 1 0
mail2calendar/ent/session.go:76.28,77.51 1 0
mail2calendar/ent/session.go:77.51,79.5 1 0
mail2calendar/ent/session.go:79.10,79.26 1 0
mail2calendar/ent/session.go:79.26,81.5 1 0
mail2calendar/ent/session.go:82.11,83.45 1 0
mail2calendar/ent/session.go:86.2,86.12 1 0
mail2calendar/ent/session.go:91.57,93.2 1 0
mail2calendar/ent/session.go:98.46,100.2 1 0
mail2calendar/ent/session.go:104.37,106.9 2 0
mail2calendar/ent/session.go:106.9,107.54 1 0
mail2calendar/ent/session.go:109.2,110.10 2 0
mail2calendar/ent/session.go:114.35,118.29 4 0
mail2calendar/ent/session.go:118.29,121.3 2 0
mail2calendar/ent/session.go:122.2,129.25 8 0
mail2calendar/ent/session_create.go:24.61,27.2 2 0
mail2calendar/ent/session_create.go:30.70,31.14 1 0
mail2calendar/ent/session_create.go:31.14,33.3 1 0
mail2calendar/ent/session_create.go:34.2,34.11 1 0
mail2calendar/ent/session_create.go:38.59,41.2 2 0
mail2calendar/ent/session_create.go:44.64,47.2 2 0
mail2calendar/ent/session_create.go:50.57,53.2 2 0
mail2calendar/ent/session_create.go:56.54,58.2 1 0
mail2calendar/ent/session_create.go:61.70,63.2 1 0
mail2calendar/ent/session_create.go:66.62,68.16 2 0
mail2calendar/ent/session_create.go:68.16,69.13 1 0
mail2calendar/ent/session_create.go:71.2,71.10 1 0
mail2calendar/ent/session_create.go:75.58,78.2 2 0
mail2calendar/ent/session_create.go:81.53,82.37 1 0
mail2calendar/ent/session_create.go:82.37,83.13 1 0
mail2calendar/ent/session_create.go:88.40,89.38 1 0
mail2calendar/ent/session_create.go:89.38,91.3 1 0
mail2calendar/ent/session_create.go:92.2,92.40 1 0
mail2calendar/ent/session_create.go:92.40,94.3 1 0
mail2calendar/ent/session_create.go:95.2,95.12 1 0
mail2calendar/ent/session_create.go:98.73,99.35 1 0
mail2calendar/ent/session_create.go:99.35,101.3 1 0
mail2calendar/ent/session_create.go:102.2,103.67 2 0
mail2calendar/ent/session_create.go:103.67,104.38 1 0
mail2calendar/ent/session_create.go:104.38,106.4 1 0
mail2calendar/ent/session_create.go:107.3,107.18 1 0
mail2calendar/ent/session_create.go:109.2,109.27 1 0
mail2calendar/ent/session_create.go:109.27,110.44 1 0
mail2calendar/ent/session_create.go:110.44,112.4 1 0
mail2calendar/ent/session_create.go:112.9,114.4 1 0
mail2calendar/ent/session_create.go:116.2,118.19 3 0
mail2calendar/ent/session_create.go:121.72,126.36 2 0
mail2calendar/ent/session_create.go:126.36,129.3 2 0
mail2calendar/ent/session_create.go:130.2,130.43 1 0
mail2calendar/ent/session_create.go:130.43,133.3 2 0
mail2calendar/ent/session_create.go:134.2,134.41 1 0
mail2calendar/ent/session_create.go:134.41,137.3 2 0
mail2calendar/ent/session_create.go:138.2,138.43 1 0
mail2calendar/ent/session_create.go:138.43,141.3 2 0
mail2calendar/ent/session_create.go:142.2,142.21 1 0
mail2calendar/ent/session_create.go:153.77,154.20 1 0
mail2calendar/ent/session_create.go:154.20,156.3 1 0
mail2calendar/ent/session_create.go:157.2,160.30 4 0
mail2calendar/ent/session_create.go:160.30,161.37 1 0
mail2calendar/ent/session_create.go:161.37,163.86 2 0
mail2calendar/ent/session_create.go:163.86,165.12 2 0
mail2calendar/ent/session_create.go:165.12,167.6 1 0
mail2calendar/ent/session_create.go:168.5,168.43 1 0
mail2calendar/ent/session_create.go:168.43,170.6 1 0
mail2calendar/ent/session_create.go:171.5,174.28 4 0
mail2calendar/ent/session_create.go:174.28,176.6 1 0
mail2calendar/ent/session_create.go:176.11,179.71 2 0
mail2calendar/ent/session_create.go:179.71,180.42 1 0
mail2calendar/ent/session_create.go:180.42,182.8 1 0
mail2calendar/ent/session_create.go:185.5,185.19 1 0
mail2calendar/ent/session_create.go:185.19,187.6 1 0
mail2calendar/ent/session_create.go:188.5,190.25 3 0
mail2calendar/ent/session_create.go:192.4,192.49 1 0
mail2calendar/ent/session_create.go:192.49,194.5 1 0
mail2calendar/ent/session_create.go:195.4,195.21 1 0
mail2calendar/ent/session_create.go:198.2,198.23 1 0
mail2calendar/ent/session_create.go:198.23,199.78 1 0
mail2calendar/ent/session_create.go:199.78,201.4 1 0
mail2calendar/ent/session_create.go:203.2,203.19 1 0
mail2calendar/ent/session_create.go:207.69,209.16 2 0
mail2calendar/ent/session_create.go:209.16,210.13 1 0
mail2calendar/ent/session_create.go:212.2,212.10 1 0
mail2calendar/ent/session_create.go:216.63,219.2 2 0
mail2calendar/ent/session_create.go:222.58,223.38 1 0
mail2calendar/ent/session_create.go:223.38,224.13 1 0
mail2calendar/ent/session_delete.go:23.72,26.2 2 0
mail2calendar/ent/session_delete.go:29.65,31.2 1 0
mail2calendar/ent/session_delete.go:34.57,36.16 2 0
mail2calendar/ent/session_delete.go:36.16,37.13 1 0
mail2calendar/ent/session_delete.go:39.2,39.10 1 0
mail2calendar/ent/session_delete.go:42.68,44.47 2 0
mail2calendar/ent/session_delete.go:44.47,45.50 1 0
mail2calendar/ent/session_delete.go:45.50,46.22 1 0
mail2calendar/ent/session_delete.go:46.22,48.5 1 0
mail2calendar/ent/session_delete.go:51.2,52.51 2 0
mail2calendar/ent/session_delete.go:52.51,54.3 1 0
mail2calendar/ent/session_delete.go:55.2,56.22 2 0
mail2calendar/ent/session_delete.go:65.79,68.2 2 0
mail2calendar/ent/session_delete.go:71.62,73.9 2 0
mail2calendar/ent/session_delete.go:74.18,75.13 1 0
mail2calendar/ent/session_delete.go:76.14,77.39 1 0
mail2calendar/ent/session_delete.go:78.10,79.13 1 0
mail2calendar/ent/session_delete.go:84.57,85.38 1 0
mail2calendar/ent/session_delete.go:85.38,86.13 1 0
mail2calendar/ent/session_query.go:30.70,33.2 2 0
mail2calendar/ent/session_query.go:36.56,39.2 2 0
mail2calendar/ent/session_query.go:42.58,45.2 2 0
mail2calendar/ent/session_query.go:49.59,52.2 2 0
mail2calendar/ent/session_query.go:55.71,58.2 2 0
mail2calendar/ent/session_query.go:62.70,64.16 2 0
mail2calendar/ent/session_query.go:64.16,66.3 1 0
mail2calendar/ent/session_query.go:67.2,67.21 1 0
mail2calendar/ent/session_query.go:67.21,69.3 1 0
mail2calendar/ent/session_query.go:70.2,70.22 1 0
mail2calendar/ent/session_query.go:74.62,76.36 2 0
mail2calendar/ent/session_query.go:76.36,77.13 1 0
mail2calendar/ent/session_query.go:79.2,79.13 1 0
mail2calendar/ent/session_query.go:84.77,86.82 2 0
mail2calendar/ent/session_query.go:86.82,88.3 1 0
mail2calendar/ent/session_query.go:89.2,89.19 1 0
mail2calendar/ent/session_query.go:89.19,92.3 2 0
mail2calendar/ent/session_query.go:93.2,93.20 1 0
mail2calendar/ent/session_query.go:97.62,99.36 2 0
mail2calendar/ent/session_query.go:99.36,100.13 1 0
mail2calendar/ent/session_query.go:102.2,102.11 1 0
mail2calendar/ent/session_query.go:108.69,110.16 2 0
mail2calendar/ent/session_query.go:110.16,112.3 1 0
mail2calendar/ent/session_query.go:113.2,113.20 1 0
mail2calendar/ent/session_query.go:114.9,115.23 1 0
mail2calendar/ent/session_query.go:116.9,117.44 1 0
mail2calendar/ent/session_query.go:118.10,119.47 1 0
mail2calendar/ent/session_query.go:124.61,126.16 2 0
mail2calendar/ent/session_query.go:126.16,127.13 1 0
mail2calendar/ent/session_query.go:129.2,129.13 1 0
mail2calendar/ent/session_query.go:135.76,137.81 2 0
mail2calendar/ent/session_query.go:137.81,139.3 1 0
mail2calendar/ent/session_query.go:140.2,140.18 1 0
mail2calendar/ent/session_query.go:141.9,142.14 1 0
mail2calendar/ent/session_query.go:143.9,144.38 1 0
mail2calendar/ent/session_query.go:145.10,146.41 1 0
mail2calendar/ent/session_query.go:148.2,148.8 1 0
mail2calendar/ent/session_query.go:152.61,154.16 2 0
mail2calendar/ent/session_query.go:154.16,155.13 1 0
mail2calendar/ent/session_query.go:157.2,157.11 1 0
mail2calendar/ent/session_query.go:161.70,163.45 2 0
mail2calendar/ent/session_query.go:163.45,165.3 1 0
mail2calendar/ent/session_query.go:166.2,167.61 2 0
mail2calendar/ent/session_query.go:171.62,173.16 2 0
mail2calendar/ent/session_query.go:173.16,174.13 1 0
mail2calendar/ent/session_query.go:176.2,176.14 1 0
mail2calendar/ent/session_query.go:180.76,181.44 1 0
mail2calendar/ent/session_query.go:181.44,183.3 1 0
mail2calendar/ent/session_query.go:184.2,185.66 2 0
mail2calendar/ent/session_query.go:185.66,187.3 1 0
mail2calendar/ent/session_query.go:188.2,188.17 1 0
mail2calendar/ent/session_query.go:192.60,194.16 2 0
mail2calendar/ent/session_query.go:194.16,195.13 1 0
mail2calendar/ent/session_query.go:197.2,197.12 1 0
mail2calendar/ent/session_query.go:201.65,203.45 2 0
mail2calendar/ent/session_query.go:203.45,205.3 1 0
mail2calendar/ent/session_query.go:206.2,206.81 1 0
mail2calendar/ent/session_query.go:210.57,212.16 2 0
mail2calendar/ent/session_query.go:212.16,213.13 1 0
mail2calendar/ent/session_query.go:215.2,215.14 1 0
mail2calendar/ent/session_query.go:219.66,221.36 2 0
mail2calendar/ent/session_query.go:222.23,223.20 1 0
mail2calendar/ent/session_query.go:224.18,225.60 1 0
mail2calendar/ent/session_query.go:226.10,227.19 1 0
mail2calendar/ent/session_query.go:232.58,234.16 2 0
mail2calendar/ent/session_query.go:234.16,235.13 1 0
mail2calendar/ent/session_query.go:237.2,237.14 1 0
mail2calendar/ent/session_query.go:242.47,243.15 1 0
mail2calendar/ent/session_query.go:243.15,245.3 1 0
mail2calendar/ent/session_query.go:246.2,255.3 1 0
mail2calendar/ent/session_query.go:272.81,279.2 6 0
mail2calendar/ent/session_query.go:293.65,299.2 5 0
mail2calendar/ent/session_query.go:302.72,304.2 1 0
mail2calendar/ent/session_query.go:306.65,307.34 1 0
mail2calendar/ent/session_query.go:307.34,308.19 1 0
mail2calendar/ent/session_query.go:308.19,310.4 1 0
mail2calendar/ent/session_query.go:311.3,311.39 1 0
mail2calendar/ent/session_query.go:311.39,312.48 1 0
mail2calendar/ent/session_query.go:312.48,314.5 1 0
mail2calendar/ent/session_query.go:317.2,317.34 1 0
mail2calendar/ent/session_query.go:317.34,318.30 1 0
mail2calendar/ent/session_query.go:318.30,320.4 1 0
mail2calendar/ent/session_query.go:322.2,322.20 1 0
mail2calendar/ent/session_query.go:322.20,324.17 2 0
mail2calendar/ent/session_query.go:324.17,326.4 1 0
mail2calendar/ent/session_query.go:327.3,327.16 1 0
mail2calendar/ent/session_query.go:329.2,329.12 1 0
mail2calendar/ent/session_query.go:332.93,337.59 2 0
mail2calendar/ent/session_query.go:337.59,339.3 1 0
mail2calendar/ent/session_query.go:340.2,340.60 1 0
mail2calendar/ent/session_query.go:340.60,344.3 3 0
mail2calendar/ent/session_query.go:345.2,345.23 1 0
mail2calendar/ent/session_query.go:345.23,347.3 1 0
mail2calendar/ent/session_query.go:348.2,348.67 1 0
mail2calendar/ent/session_query.go:348.67,350.3 1 0
mail2calendar/ent/session_query.go:351.2,351.21 1 0
mail2calendar/ent/session_query.go:351.21,353.3 1 0
mail2calendar/ent/session_query.go:354.2,354.19 1 0
mail2calendar/ent/session_query.go:357.68,360.28 3 0
mail2calendar/ent/session_query.go:360.28,362.3 1 0
mail2calendar/ent/session_query.go:363.2,363.51 1 0
mail2calendar/ent/session_query.go:366.57,369.44 3 0
mail2calendar/ent/session_query.go:369.44,371.3 1 0
mail2calendar/ent/session_query.go:371.8,371.27 1 0
mail2calendar/ent/session_query.go:371.27,373.3 1 0
mail2calendar/ent/session_query.go:374.2,374.46 1 0
mail2calendar/ent/session_query.go:374.46,377.25 3 0
mail2calendar/ent/session_query.go:377.25,378.36 1 0
mail2calendar/ent/session_query.go:378.36,380.5 1 0
mail2calendar/ent/session_query.go:383.2,383.38 1 0
mail2calendar/ent/session_query.go:383.38,384.50 1 0
mail2calendar/ent/session_query.go:384.50,385.22 1 0
mail2calendar/ent/session_query.go:385.22,387.5 1 0
mail2calendar/ent/session_query.go:390.2,390.41 1 0
mail2calendar/ent/session_query.go:390.41,392.3 1 0
mail2calendar/ent/session_query.go:393.2,393.44 1 0
mail2calendar/ent/session_query.go:393.44,395.3 1 0
mail2calendar/ent/session_query.go:396.2,396.33 1 0
mail2calendar/ent/session_query.go:396.33,397.46 1 0
mail2calendar/ent/session_query.go:397.46,398.22 1 0
mail2calendar/ent/session_query.go:398.22,400.5 1 0
mail2calendar/ent/session_query.go:403.2,403.14 1 0
mail2calendar/ent/session_query.go:406.69,410.23 4 0
mail2calendar/ent/session_query.go:410.23,412.3 1 0
mail2calendar/ent/session_query.go:413.2,414.19 2 0
mail2calendar/ent/session_query.go:414.19,417.3 2 0
mail2calendar/ent/session_query.go:418.2,418.44 1 0
mail2calendar/ent/session_query.go:418.44,420.3 1 0
mail2calendar/ent/session_query.go:421.2,421.34 1 0
mail2calendar/ent/session_query.go:421.34,423.3 1 0
mail2calendar/ent/session_query.go:424.2,424.29 1 0
mail2calendar/ent/session_query.go:424.29,426.3 1 0
mail2calendar/ent/session_query.go:427.2,427.44 1 0
mail2calendar/ent/session_query.go:427.44,431.3 1 0
mail2calendar/ent/session_query.go:432.2,432.41 1 0
mail2calendar/ent/session_query.go:432.41,434.3 1 0
mail2calendar/ent/session_query.go:435.2,435.17 1 0
mail2calendar/ent/session_query.go:445.76,448.2 2 0
mail2calendar/ent/session_query.go:451.67,453.52 2 0
mail2calendar/ent/session_query.go:453.52,455.3 1 0
mail2calendar/ent/session_query.go:456.2,456.103 1 0
mail2calendar/ent/session_query.go:459.90,462.29 3 0
mail2calendar/ent/session_query.go:462.29,464.3 1 0
mail2calendar/ent/session_query.go:465.2,465.42 1 0
mail2calendar/ent/session_query.go:465.42,467.31 2 0
mail2calendar/ent/session_query.go:467.31,469.4 1 0
mail2calendar/ent/session_query.go:470.3,471.30 2 0
mail2calendar/ent/session_query.go:473.2,474.39 2 0
mail2calendar/ent/session_query.go:474.39,476.3 1 0
mail2calendar/ent/session_query.go:477.2,479.71 3 0
mail2calendar/ent/session_query.go:479.71,481.3 1 0
mail2calendar/ent/session_query.go:482.2,483.31 2 0
mail2calendar/ent/session_query.go:493.73,496.2 2 0
mail2calendar/ent/session_query.go:499.65,501.45 2 0
mail2calendar/ent/session_query.go:501.45,503.3 1 0
mail2calendar/ent/session_query.go:504.2,504.100 1 0
mail2calendar/ent/session_query.go:507.88,510.28 3 0
mail2calendar/ent/session_query.go:510.28,512.3 1 0
mail2calendar/ent/session_query.go:513.2,513.38 1 0
mail2calendar/ent/session_query.go:514.38,515.34 1 0
mail2calendar/ent/session_query.go:516.38,517.40 1 0
mail2calendar/ent/session_query.go:519.2,521.64 3 0
mail2calendar/ent/session_query.go:521.64,523.3 1 0
mail2calendar/ent/session_query.go:524.2,525.31 2 0
mail2calendar/ent/session_update.go:26.72,29.2 2 0
mail2calendar/ent/session_update.go:32.61,36.2 3 0
mail2calendar/ent/session_update.go:39.70,40.14 1 0
mail2calendar/ent/session_update.go:40.14,42.3 1 0
mail2calendar/ent/session_update.go:43.2,43.11 1 0
mail2calendar/ent/session_update.go:47.60,50.2 2 0
mail2calendar/ent/session_update.go:53.55,56.2 2 0
mail2calendar/ent/session_update.go:59.59,62.2 2 0
mail2calendar/ent/session_update.go:65.64,68.2 2 0
mail2calendar/ent/session_update.go:71.73,72.14 1 0
mail2calendar/ent/session_update.go:72.14,74.3 1 0
mail2calendar/ent/session_update.go:75.2,75.11 1 0
mail2calendar/ent/session_update.go:79.54,81.2 1 0
mail2calendar/ent/session_update.go:84.65,86.2 1 0
mail2calendar/ent/session_update.go:89.57,91.16 2 0
mail2calendar/ent/session_update.go:91.16,92.13 1 0
mail2calendar/ent/session_update.go:94.2,94.17 1 0
mail2calendar/ent/session_update.go:98.58,101.2 2 0
mail2calendar/ent/session_update.go:104.53,105.37 1 0
mail2calendar/ent/session_update.go:105.37,106.13 1 0
mail2calendar/ent/session_update.go:110.74,112.47 2 0
mail2calendar/ent/session_update.go:112.47,113.50 1 0
mail2calendar/ent/session_update.go:113.50,114.22 1 0
mail2calendar/ent/session_update.go:114.22,116.5 1 0
mail2calendar/ent/session_update.go:119.2,119.43 1 0
mail2calendar/ent/session_update.go:119.43,121.3 1 0
mail2calendar/ent/session_update.go:122.2,122.48 1 0
mail2calendar/ent/session_update.go:122.48,124.3 1 0
mail2calendar/ent/session_update.go:125.2,125.33 1 0
mail2calendar/ent/session_update.go:125.33,127.3 1 0
mail2calendar/ent/session_update.go:128.2,128.41 1 0
mail2calendar/ent/session_update.go:128.41,130.3 1 0
mail2calendar/ent/session_update.go:131.2,131.43 1 0
mail2calendar/ent/session_update.go:131.43,133.3 1 0
mail2calendar/ent/session_update.go:134.2,134.70 1 0
mail2calendar/ent/session_update.go:134.70,135.49 1 0
mail2calendar/ent/session_update.go:135.49,137.4 1 0
mail2calendar/ent/session_update.go:137.9,137.45 1 0
mail2calendar/ent/session_update.go:137.45,139.4 1 0
mail2calendar/ent/session_update.go:140.3,140.16 1 0
mail2calendar/ent/session_update.go:142.2,143.15 2 0
mail2calendar/ent/session_update.go:155.68,159.2 3 0
mail2calendar/ent/session_update.go:162.77,163.14 1 0
mail2calendar/ent/session_update.go:163.14,165.3 1 0
mail2calendar/ent/session_update.go:166.2,166.12 1 0
mail2calendar/ent/session_update.go:170.67,173.2 2 0
mail2calendar/ent/session_update.go:176.62,179.2 2 0
mail2calendar/ent/session_update.go:182.66,185.2 2 0
mail2calendar/ent/session_update.go:188.71,191.2 2 0
mail2calendar/ent/session_update.go:194.80,195.14 1 0
mail2calendar/ent/session_update.go:195.14,197.3 1 0
mail2calendar/ent/session_update.go:198.2,198.12 1 0
mail2calendar/ent/session_update.go:202.58,204.2 1 0
mail2calendar/ent/session_update.go:207.79,210.2 2 0
mail2calendar/ent/session_update.go:214.87,217.2 2 0
mail2calendar/ent/session_update.go:220.74,222.2 1 0
mail2calendar/ent/session_update.go:225.66,227.16 2 0
mail2calendar/ent/session_update.go:227.16,228.13 1 0
mail2calendar/ent/session_update.go:230.2,230.13 1 0
mail2calendar/ent/session_update.go:234.62,237.2 2 0
mail2calendar/ent/session_update.go:240.57,241.38 1 0
mail2calendar/ent/session_update.go:241.38,242.13 1 0
mail2calendar/ent/session_update.go:246.87,249.9 3 0
mail2calendar/ent/session_update.go:249.9,251.3 1 0
mail2calendar/ent/session_update.go:252.2,253.43 2 0
mail2calendar/ent/session_update.go:253.43,256.28 3 0
mail2calendar/ent/session_update.go:256.28,257.31 1 0
mail2calendar/ent/session_update.go:257.31,259.5 1 0
mail2calendar/ent/session_update.go:260.4,260.28 1 0
mail2calendar/ent/session_update.go:260.28,262.5 1 0
mail2calendar/ent/session_update.go:265.2,265.48 1 0
mail2calendar/ent/session_update.go:265.48,266.50 1 0
mail2calendar/ent/session_update.go:266.50,267.22 1 0
mail2calendar/ent/session_update.go:267.22,269.5 1 0
mail2calendar/ent/session_update.go:272.2,272.44 1 0
mail2calendar/ent/session_update.go:272.44,274.3 1 0
mail2calendar/ent/session_update.go:275.2,275.49 1 0
mail2calendar/ent/session_update.go:275.49,277.3 1 0
mail2calendar/ent/session_update.go:278.2,278.34 1 0
mail2calendar/ent/session_update.go:278.34,280.3 1 0
mail2calendar/ent/session_update.go:281.2,281.42 1 0
mail2calendar/ent/session_update.go:281.42,283.3 1 0
mail2calendar/ent/session_update.go:284.2,284.44 1 0
mail2calendar/ent/session_update.go:284.44,286.3 1 0
mail2calendar/ent/session_update.go:287.2,290.67 4 0
mail2calendar/ent/session_update.go:290.67,291.49 1 0
mail2calendar/ent/session_update.go:291.49,293.4 1 0
mail2calendar/ent/session_update.go:293.9,293.45 1 0
mail2calendar/ent/session_update.go:293.45,295.4 1 0
mail2calendar/ent/session_update.go:296.3,296.18 1 0
mail2calendar/ent/session_update.go:298.2,299.19 2 0
mail2calendar/ent/tx.go:57.63,59.2 1 0
mail2calendar/ent/tx.go:62.30,64.65 2 0
mail2calendar/ent/tx.go:64.65,66.3 1 0
mail2calendar/ent/tx.go:67.2,70.39 4 0
mail2calendar/ent/tx.go:70.39,72.3 1 0
mail2calendar/ent/tx.go:73.2,73.30 1 0
mail2calendar/ent/tx.go:77.38,82.2 4 0
mail2calendar/ent/tx.go:113.67,115.2 1 0
mail2calendar/ent/tx.go:118.32,120.68 2 0
mail2calendar/ent/tx.go:120.68,122.3 1 0
mail2calendar/ent/tx.go:123.2,126.39 4 0
mail2calendar/ent/tx.go:126.39,128.3 1 0
mail2calendar/ent/tx.go:129.2,129.32 1 0
mail2calendar/ent/tx.go:133.42,138.2 4 0
mail2calendar/ent/tx.go:141.32,142.26 1 0
mail2calendar/ent/tx.go:142.26,145.3 2 0
mail2calendar/ent/tx.go:146.2,146.18 1 0
mail2calendar/ent/tx.go:149.22,152.2 2 0
mail2calendar/ent/tx.go:177.72,179.16 2 0
mail2calendar/ent/tx.go:179.16,181.3 1 0
mail2calendar/ent/tx.go:182.2,182.41 1 0
mail2calendar/ent/tx.go:187.61,187.79 1 0
mail2calendar/ent/tx.go:190.38,190.65 1 0
mail2calendar/ent/tx.go:193.32,193.46 1 0
mail2calendar/ent/tx.go:197.33,197.47 1 0
mail2calendar/ent/tx.go:201.35,201.49 1 0
mail2calendar/ent/tx.go:204.80,206.2 1 0
mail2calendar/ent/tx.go:209.81,211.2 1 0
mail2calendar/ent/user.go:36.58,38.25 2 0
mail2calendar/ent/user.go:38.25,39.21 1 0
mail2calendar/ent/user.go:40.21,41.34 1 0
mail2calendar/ent/user.go:42.107,43.35 1 0
mail2calendar/ent/user.go:44.29,45.33 1 0
mail2calendar/ent/user.go:46.11,47.36 1 0
mail2calendar/ent/user.go:50.2,50.20 1 0
mail2calendar/ent/user.go:55.67,56.46 1 0
mail2calendar/ent/user.go:56.46,58.3 1 0
mail2calendar/ent/user.go:59.2,59.25 1 0
mail2calendar/ent/user.go:59.25,60.21 1 0
mail2calendar/ent/user.go:61.21,63.11 2 0
mail2calendar/ent/user.go:63.11,65.5 1 0
mail2calendar/ent/user.go:66.4,66.30 1 0
mail2calendar/ent/user.go:67.28,68.53 1 0
mail2calendar/ent/user.go:68.53,70.5 1 0
mail2calendar/ent/user.go:70.10,70.26 1 0
mail2calendar/ent/user.go:70.26,72.5 1 0
mail2calendar/ent/user.go:73.29,74.53 1 0
mail2calendar/ent/user.go:74.53,76.5 1 0
mail2calendar/ent/user.go:76.10,76.26 1 0
mail2calendar/ent/user.go:76.26,78.5 1 0
mail2calendar/ent/user.go:79.27,80.53 1 0
mail2calendar/ent/user.go:80.53,82.5 1 0
mail2calendar/ent/user.go:82.10,82.26 1 0
mail2calendar/ent/user.go:82.26,84.5 1 0
mail2calendar/ent/user.go:85.24,86.53 1 0
mail2calendar/ent/user.go:86.53,88.5 1 0
mail2calendar/ent/user.go:88.10,88.26 1 0
mail2calendar/ent/user.go:88.26,90.5 1 0
mail2calendar/ent/user.go:91.27,92.53 1 0
mail2calendar/ent/user.go:92.53,94.5 1 0
mail2calendar/ent/user.go:94.10,94.26 1 0
mail2calendar/ent/user.go:94.26,96.5 1 0
mail2calendar/ent/user.go:97.29,98.51 1 0
mail2calendar/ent/user.go:98.51,100.5 1 0
mail2calendar/ent/user.go:100.10,100.26 1 0
mail2calendar/ent/user.go:100.26,103.5 2 0
mail2calendar/ent/user.go:104.11,105.45 1 0
mail2calendar/ent/user.go:108.2,108.12 1 0
mail2calendar/ent/user.go:113.54,115.2 1 0
mail2calendar/ent/user.go:120.40,122.2 1 0
mail2calendar/ent/user.go:126.31,128.9 2 0
mail2calendar/ent/user.go:128.9,129.51 1 0
mail2calendar/ent/user.go:131.2,132.10 2 0
mail2calendar/ent/user.go:136.32,155.33 19 0
mail2calendar/ent/user.go:155.33,158.3 2 0
mail2calendar/ent/user.go:159.2,160.25 2 0
mail2calendar/ent/user_create.go:24.58,27.2 2 0
mail2calendar/ent/user_create.go:30.67,31.14 1 0
mail2calendar/ent/user_create.go:31.14,33.3 1 0
mail2calendar/ent/user_create.go:34.2,34.11 1 0
mail2calendar/ent/user_create.go:38.59,41.2 2 0
mail2calendar/ent/user_create.go:44.68,45.14 1 0
mail2calendar/ent/user_create.go:45.14,47.3 1 0
mail2calendar/ent/user_create.go:48.2,48.11 1 0
mail2calendar/ent/user_create.go:52.57,55.2 2 0
mail2calendar/ent/user_create.go:58.66,59.14 1 0
mail2calendar/ent/user_create.go:59.14,61.3 1 0
mail2calendar/ent/user_create.go:62.2,62.11 1 0
mail2calendar/ent/user_create.go:66.54,69.2 2 0
mail2calendar/ent/user_create.go:72.57,75.2 2 0
mail2calendar/ent/user_create.go:78.62,81.2 2 0
mail2calendar/ent/user_create.go:84.71,85.14 1 0
mail2calendar/ent/user_create.go:85.14,87.3 1 0
mail2calendar/ent/user_create.go:88.2,88.11 1 0
mail2calendar/ent/user_create.go:92.51,95.2 2 0
mail2calendar/ent/user_create.go:98.48,100.2 1 0
mail2calendar/ent/user_create.go:103.64,105.2 1 0
mail2calendar/ent/user_create.go:108.56,110.16 2 0
mail2calendar/ent/user_create.go:110.16,111.13 1 0
mail2calendar/ent/user_create.go:113.2,113.10 1 0
mail2calendar/ent/user_create.go:117.55,120.2 2 0
mail2calendar/ent/user_create.go:123.50,124.37 1 0
mail2calendar/ent/user_create.go:124.37,125.13 1 0
mail2calendar/ent/user_create.go:130.37,131.39 1 0
mail2calendar/ent/user_create.go:131.39,133.3 1 0
mail2calendar/ent/user_create.go:134.2,134.42 1 0
mail2calendar/ent/user_create.go:134.42,136.3 1 0
mail2calendar/ent/user_create.go:137.2,137.12 1 0
mail2calendar/ent/user_create.go:140.67,141.35 1 0
mail2calendar/ent/user_create.go:141.35,143.3 1 0
mail2calendar/ent/user_create.go:144.2,145.67 2 0
mail2calendar/ent/user_create.go:145.67,146.38 1 0
mail2calendar/ent/user_create.go:146.38,148.4 1 0
mail2calendar/ent/user_create.go:149.3,149.18 1 0
mail2calendar/ent/user_create.go:151.2,151.32 1 0
mail2calendar/ent/user_create.go:151.32,154.3 2 0
mail2calendar/ent/user_create.go:155.2,157.19 3 0
mail2calendar/ent/user_create.go:160.66,165.36 2 0
mail2calendar/ent/user_create.go:165.36,168.3 2 0
mail2calendar/ent/user_create.go:169.2,169.46 1 0
mail2calendar/ent/user_create.go:169.46,172.3 2 0
mail2calendar/ent/user_create.go:173.2,173.47 1 0
mail2calendar/ent/user_create.go:173.47,176.3 2 0
mail2calendar/ent/user_create.go:177.2,177.45 1 0
mail2calendar/ent/user_create.go:177.45,180.3 2 0
mail2calendar/ent/user_create.go:181.2,181.42 1 0
mail2calendar/ent/user_create.go:181.42,184.3 2 0
mail2calendar/ent/user_create.go:185.2,185.45 1 0
mail2calendar/ent/user_create.go:185.45,188.3 2 0
mail2calendar/ent/user_create.go:189.2,189.47 1 0
mail2calendar/ent/user_create.go:189.47,192.3 2 0
mail2calendar/ent/user_create.go:193.2,193.21 1 0
mail2calendar/ent/user_create.go:204.71,205.20 1 0
mail2calendar/ent/user_create.go:205.20,207.3 1 0
mail2calendar/ent/user_create.go:208.2,211.30 4 0
mail2calendar/ent/user_create.go:211.30,212.37 1 0
mail2calendar/ent/user_create.go:212.37,214.86 2 0
mail2calendar/ent/user_create.go:214.86,216.12 2 0
mail2calendar/ent/user_create.go:216.12,218.6 1 0
mail2calendar/ent/user_create.go:219.5,219.43 1 0
mail2calendar/ent/user_create.go:219.43,221.6 1 0
mail2calendar/ent/user_create.go:222.5,225.28 4 0
mail2calendar/ent/user_create.go:225.28,227.6 1 0
mail2calendar/ent/user_create.go:227.11,230.71 2 0
mail2calendar/ent/user_create.go:230.71,231.42 1 0
mail2calendar/ent/user_create.go:231.42,233.8 1 0
mail2calendar/ent/user_create.go:236.5,236.19 1 0
mail2calendar/ent/user_create.go:236.19,238.6 1 0
mail2calendar/ent/user_create.go:239.5,240.53 2 0
mail2calendar/ent/user_create.go:240.53,243.6 2 0
mail2calendar/ent/user_create.go:244.5,245.25 2 0
mail2calendar/ent/user_create.go:247.4,247.49 1 0
mail2calendar/ent/user_create.go:247.49,249.5 1 0
mail2calendar/ent/user_create.go:250.4,250.21 1 0
mail2calendar/ent/user_create.go:253.2,253.23 1 0
mail2calendar/ent/user_create.go:253.23,254.78 1 0
mail2calendar/ent/user_create.go:254.78,256.4 1 0
mail2calendar/ent/user_create.go:258.2,258.19 1 0
mail2calendar/ent/user_create.go:262.63,264.16 2 0
mail2calendar/ent/user_create.go:264.16,265.13 1 0
mail2calendar/ent/user_create.go:267.2,267.10 1 0
mail2calendar/ent/user_create.go:271.60,274.2 2 0
mail2calendar/ent/user_create.go:277.55,278.38 1 0
mail2calendar/ent/user_create.go:278.38,279.13 1 0
mail2calendar/ent/user_delete.go:23.63,26.2 2 0
mail2calendar/ent/user_delete.go:29.62,31.2 1 0
mail2calendar/ent/user_delete.go:34.54,36.16 2 0
mail2calendar/ent/user_delete.go:36.16,37.13 1 0
mail2calendar/ent/user_delete.go:39.2,39.10 1 0
mail2calendar/ent/user_delete.go:42.65,44.47 2 0
mail2calendar/ent/user_delete.go:44.47,45.50 1 0
mail2calendar/ent/user_delete.go:45.50,46.22 1 0
mail2calendar/ent/user_delete.go:46.22,48.5 1 0
mail2calendar/ent/user_delete.go:51.2,52.51 2 0
mail2calendar/ent/user_delete.go:52.51,54.3 1 0
mail2calendar/ent/user_delete.go:55.2,56.22 2 0
mail2calendar/ent/user_delete.go:65.70,68.2 2 0
mail2calendar/ent/user_delete.go:71.59,73.9 2 0
mail2calendar/ent/user_delete.go:74.18,75.13 1 0
mail2calendar/ent/user_delete.go:76.14,77.36 1 0
mail2calendar/ent/user_delete.go:78.10,79.13 1 0
mail2calendar/ent/user_delete.go:84.54,85.38 1 0
mail2calendar/ent/user_delete.go:85.38,86.13 1 0
mail2calendar/ent/user_query.go:30.61,33.2 2 0
mail2calendar/ent/user_query.go:36.50,39.2 2 0
mail2calendar/ent/user_query.go:42.52,45.2 2 0
mail2calendar/ent/user_query.go:49.53,52.2 2 0
mail2calendar/ent/user_query.go:55.62,58.2 2 0
mail2calendar/ent/user_query.go:62.64,64.16 2 0
mail2calendar/ent/user_query.go:64.16,66.3 1 0
mail2calendar/ent/user_query.go:67.2,67.21 1 0
mail2calendar/ent/user_query.go:67.21,69.3 1 0
mail2calendar/ent/user_query.go:70.2,70.22 1 0
mail2calendar/ent/user_query.go:74.56,76.36 2 0
mail2calendar/ent/user_query.go:76.36,77.13 1 0
mail2calendar/ent/user_query.go:79.2,79.13 1 0
mail2calendar/ent/user_query.go:84.74,86.82 2 0
mail2calendar/ent/user_query.go:86.82,88.3 1 0
mail2calendar/ent/user_query.go:89.2,89.19 1 0
mail2calendar/ent/user_query.go:89.19,92.3 2 0
mail2calendar/ent/user_query.go:93.2,93.20 1 0
mail2calendar/ent/user_query.go:97.59,99.36 2 0
mail2calendar/ent/user_query.go:99.36,100.13 1 0
mail2calendar/ent/user_query.go:102.2,102.11 1 0
mail2calendar/ent/user_query.go:108.63,110.16 2 0
mail2calendar/ent/user_query.go:110.16,112.3 1 0
mail2calendar/ent/user_query.go:113.2,113.20 1 0
mail2calendar/ent/user_query.go:114.9,115.23 1 0
mail2calendar/ent/user_query.go:116.9,117.41 1 0
mail2calendar/ent/user_query.go:118.10,119.44 1 0
mail2calendar/ent/user_query.go:124.55,126.16 2 0
mail2calendar/ent/user_query.go:126.16,127.13 1 0
mail2calendar/ent/user_query.go:129.2,129.13 1 0
mail2calendar/ent/user_query.go:135.73,137.81 2 0
mail2calendar/ent/user_query.go:137.81,139.3 1 0
mail2calendar/ent/user_query.go:140.2,140.18 1 0
mail2calendar/ent/user_query.go:141.9,142.14 1 0
mail2calendar/ent/user_query.go:143.9,144.35 1 0
mail2calendar/ent/user_query.go:145.10,146.38 1 0
mail2calendar/ent/user_query.go:148.2,148.8 1 0
mail2calendar/ent/user_query.go:152.58,154.16 2 0
mail2calendar/ent/user_query.go:154.16,155.13 1 0
mail2calendar/ent/user_query.go:157.2,157.11 1 0
mail2calendar/ent/user_query.go:161.64,163.45 2 0
mail2calendar/ent/user_query.go:163.45,165.3 1 0
mail2calendar/ent/user_query.go:166.2,167.58 2 0
mail2calendar/ent/user_query.go:171.56,173.16 2 0
mail2calendar/ent/user_query.go:173.16,174.13 1 0
mail2calendar/ent/user_query.go:176.2,176.14 1 0
mail2calendar/ent/user_query.go:180.73,181.44 1 0
mail2calendar/ent/user_query.go:181.44,183.3 1 0
mail2calendar/ent/user_query.go:184.2,185.63 2 0
mail2calendar/ent/user_query.go:185.63,187.3 1 0
mail2calendar/ent/user_query.go:188.2,188.17 1 0
mail2calendar/ent/user_query.go:192.57,194.16 2 0
mail2calendar/ent/user_query.go:194.16,195.13 1 0
mail2calendar/ent/user_query.go:197.2,197.12 1 0
mail2calendar/ent/user_query.go:201.62,203.45 2 0
mail2calendar/ent/user_query.go:203.45,205.3 1 0
mail2calendar/ent/user_query.go:206.2,206.78 1 0
mail2calendar/ent/user_query.go:210.54,212.16 2 0
mail2calendar/ent/user_query.go:212.16,213.13 1 0
mail2calendar/ent/user_query.go:215.2,215.14 1 0
mail2calendar/ent/user_query.go:219.63,221.36 2 0
mail2calendar/ent/user_query.go:222.23,223.20 1 0
mail2calendar/ent/user_query.go:224.18,225.60 1 0
mail2calendar/ent/user_query.go:226.10,227.19 1 0
mail2calendar/ent/user_query.go:232.55,234.16 2 0
mail2calendar/ent/user_query.go:234.16,235.13 1 0
mail2calendar/ent/user_query.go:237.2,237.14 1 0
mail2calendar/ent/user_query.go:242.41,243.15 1 0
mail2calendar/ent/user_query.go:243.15,245.3 1 0
mail2calendar/ent/user_query.go:246.2,255.3 1 0
mail2calendar/ent/user_query.go:272.75,279.2 6 0
mail2calendar/ent/user_query.go:293.59,299.2 5 0
mail2calendar/ent/user_query.go:302.66,304.2 1 0
mail2calendar/ent/user_query.go:306.62,307.34 1 0
mail2calendar/ent/user_query.go:307.34,308.19 1 0
mail2calendar/ent/user_query.go:308.19,310.4 1 0
mail2calendar/ent/user_query.go:311.3,311.39 1 0
mail2calendar/ent/user_query.go:311.39,312.48 1 0
mail2calendar/ent/user_query.go:312.48,314.5 1 0
mail2calendar/ent/user_query.go:317.2,317.34 1 0
mail2calendar/ent/user_query.go:317.34,318.27 1 0
mail2calendar/ent/user_query.go:318.27,320.4 1 0
mail2calendar/ent/user_query.go:322.2,322.20 1 0
mail2calendar/ent/user_query.go:322.20,324.17 2 0
mail2calendar/ent/user_query.go:324.17,326.4 1 0
mail2calendar/ent/user_query.go:327.3,327.16 1 0
mail2calendar/ent/user_query.go:329.2,329.12 1 0
mail2calendar/ent/user_query.go:332.87,337.59 2 0
mail2calendar/ent/user_query.go:337.59,339.3 1 0
mail2calendar/ent/user_query.go:340.2,340.60 1 0
mail2calendar/ent/user_query.go:340.60,344.3 3 0
mail2calendar/ent/user_query.go:345.2,345.23 1 0
mail2calendar/ent/user_query.go:345.23,347.3 1 0
mail2calendar/ent/user_query.go:348.2,348.67 1 0
mail2calendar/ent/user_query.go:348.67,350.3 1 0
mail2calendar/ent/user_query.go:351.2,351.21 1 0
mail2calendar/ent/user_query.go:351.21,353.3 1 0
mail2calendar/ent/user_query.go:354.2,354.19 1 0
mail2calendar/ent/user_query.go:357.65,360.28 3 0
mail2calendar/ent/user_query.go:360.28,362.3 1 0
mail2calendar/ent/user_query.go:363.2,363.51 1 0
mail2calendar/ent/user_query.go:366.54,369.44 3 0
mail2calendar/ent/user_query.go:369.44,371.3 1 0
mail2calendar/ent/user_query.go:371.8,371.27 1 0
mail2calendar/ent/user_query.go:371.27,373.3 1 0
mail2calendar/ent/user_query.go:374.2,374.46 1 0
mail2calendar/ent/user_query.go:374.46,377.25 3 0
mail2calendar/ent/user_query.go:377.25,378.33 1 0
mail2calendar/ent/user_query.go:378.33,380.5 1 0
mail2calendar/ent/user_query.go:383.2,383.38 1 0
mail2calendar/ent/user_query.go:383.38,384.50 1 0
mail2calendar/ent/user_query.go:384.50,385.22 1 0
mail2calendar/ent/user_query.go:385.22,387.5 1 0
mail2calendar/ent/user_query.go:390.2,390.41 1 0
mail2calendar/ent/user_query.go:390.41,392.3 1 0
mail2calendar/ent/user_query.go:393.2,393.44 1 0
mail2calendar/ent/user_query.go:393.44,395.3 1 0
mail2calendar/ent/user_query.go:396.2,396.33 1 0
mail2calendar/ent/user_query.go:396.33,397.46 1 0
mail2calendar/ent/user_query.go:397.46,398.22 1 0
mail2calendar/ent/user_query.go:398.22,400.5 1 0
mail2calendar/ent/user_query.go:403.2,403.14 1 0
mail2calendar/ent/user_query.go:406.66,410.23 4 0
mail2calendar/ent/user_query.go:410.23,412.3 1 0
mail2calendar/ent/user_query.go:413.2,414.19 2 0
mail2calendar/ent/user_query.go:414.19,417.3 2 0
mail2calendar/ent/user_query.go:418.2,418.44 1 0
mail2calendar/ent/user_query.go:418.44,420.3 1 0
mail2calendar/ent/user_query.go:421.2,421.34 1 0
mail2calendar/ent/user_query.go:421.34,423.3 1 0
mail2calendar/ent/user_query.go:424.2,424.29 1 0
mail2calendar/ent/user_query.go:424.29,426.3 1 0
mail2calendar/ent/user_query.go:427.2,427.44 1 0
mail2calendar/ent/user_query.go:427.44,431.3 1 0
mail2calendar/ent/user_query.go:432.2,432.41 1 0
mail2calendar/ent/user_query.go:432.41,434.3 1 0
mail2calendar/ent/user_query.go:435.2,435.17 1 0
mail2calendar/ent/user_query.go:445.70,448.2 2 0
mail2calendar/ent/user_query.go:451.64,453.52 2 0
mail2calendar/ent/user_query.go:453.52,455.3 1 0
mail2calendar/ent/user_query.go:456.2,456.97 1 0
mail2calendar/ent/user_query.go:459.84,462.29 3 0
mail2calendar/ent/user_query.go:462.29,464.3 1 0
mail2calendar/ent/user_query.go:465.2,465.42 1 0
mail2calendar/ent/user_query.go:465.42,467.31 2 0
mail2calendar/ent/user_query.go:467.31,469.4 1 0
mail2calendar/ent/user_query.go:470.3,471.30 2 0
mail2calendar/ent/user_query.go:473.2,474.39 2 0
mail2calendar/ent/user_query.go:474.39,476.3 1 0
mail2calendar/ent/user_query.go:477.2,479.71 3 0
mail2calendar/ent/user_query.go:479.71,481.3 1 0
mail2calendar/ent/user_query.go:482.2,483.31 2 0
mail2calendar/ent/user_query.go:493.67,496.2 2 0
mail2calendar/ent/user_query.go:499.62,501.45 2 0
mail2calendar/ent/user_query.go:501.45,503.3 1 0
mail2calendar/ent/user_query.go:504.2,504.91 1 0
mail2calendar/ent/user_query.go:507.82,510.28 3 0
mail2calendar/ent/user_query.go:510.28,512.3 1 0
mail2calendar/ent/user_query.go:513.2,513.38 1 0
mail2calendar/ent/user_query.go:514.38,515.34 1 0
mail2calendar/ent/user_query.go:516.38,517.40 1 0
mail2calendar/ent/user_query.go:519.2,521.64 3 0
mail2calendar/ent/user_query.go:521.64,523.3 1 0
mail2calendar/ent/user_query.go:524.2,525.31 2 0
mail2calendar/ent/user_update.go:26.63,29.2 2 0
mail2calendar/ent/user_update.go:32.58,35.2 2 0
mail2calendar/ent/user_update.go:38.67,39.14 1 0
mail2calendar/ent/user_update.go:39.14,41.3 1 0
mail2calendar/ent/user_update.go:42.2,42.11 1 0
mail2calendar/ent/user_update.go:46.52,49.2 2 0
mail2calendar/ent/user_update.go:52.59,55.2 2 0
mail2calendar/ent/user_update.go:58.68,59.14 1 0
mail2calendar/ent/user_update.go:59.14,61.3 1 0
mail2calendar/ent/user_update.go:62.2,62.11 1 0
mail2calendar/ent/user_update.go:66.53,69.2 2 0
mail2calendar/ent/user_update.go:72.57,75.2 2 0
mail2calendar/ent/user_update.go:78.66,79.14 1 0
mail2calendar/ent/user_update.go:79.14,81.3 1 0
mail2calendar/ent/user_update.go:82.2,82.11 1 0
mail2calendar/ent/user_update.go:86.51,89.2 2 0
mail2calendar/ent/user_update.go:92.54,95.2 2 0
mail2calendar/ent/user_update.go:98.63,99.14 1 0
mail2calendar/ent/user_update.go:99.14,101.3 1 0
mail2calendar/ent/user_update.go:102.2,102.11 1 0
mail2calendar/ent/user_update.go:106.57,109.2 2 0
mail2calendar/ent/user_update.go:112.66,113.14 1 0
mail2calendar/ent/user_update.go:113.14,115.3 1 0
mail2calendar/ent/user_update.go:116.2,116.11 1 0
mail2calendar/ent/user_update.go:120.62,123.2 2 0
mail2calendar/ent/user_update.go:126.71,127.14 1 0
mail2calendar/ent/user_update.go:127.14,129.3 1 0
mail2calendar/ent/user_update.go:130.2,130.11 1 0
mail2calendar/ent/user_update.go:134.53,137.2 2 0
mail2calendar/ent/user_update.go:140.48,142.2 1 0
mail2calendar/ent/user_update.go:145.62,147.2 1 0
mail2calendar/ent/user_update.go:150.54,152.16 2 0
mail2calendar/ent/user_update.go:152.16,153.13 1 0
mail2calendar/ent/user_update.go:155.2,155.17 1 0
mail2calendar/ent/user_update.go:159.55,162.2 2 0
mail2calendar/ent/user_update.go:165.50,166.37 1 0
mail2calendar/ent/user_update.go:166.37,167.13 1 0
mail2calendar/ent/user_update.go:171.71,173.47 2 0
mail2calendar/ent/user_update.go:173.47,174.50 1 0
mail2calendar/ent/user_update.go:174.50,175.22 1 0
mail2calendar/ent/user_update.go:175.22,177.5 1 0
mail2calendar/ent/user_update.go:180.2,180.46 1 0
mail2calendar/ent/user_update.go:180.46,182.3 1 0
mail2calendar/ent/user_update.go:183.2,183.36 1 0
mail2calendar/ent/user_update.go:183.36,185.3 1 0
mail2calendar/ent/user_update.go:186.2,186.47 1 0
mail2calendar/ent/user_update.go:186.47,188.3 1 0
mail2calendar/ent/user_update.go:189.2,189.37 1 0
mail2calendar/ent/user_update.go:189.37,191.3 1 0
mail2calendar/ent/user_update.go:192.2,192.45 1 0
mail2calendar/ent/user_update.go:192.45,194.3 1 0
mail2calendar/ent/user_update.go:195.2,195.35 1 0
mail2calendar/ent/user_update.go:195.35,197.3 1 0
mail2calendar/ent/user_update.go:198.2,198.42 1 0
mail2calendar/ent/user_update.go:198.42,200.3 1 0
mail2calendar/ent/user_update.go:201.2,201.45 1 0
mail2calendar/ent/user_update.go:201.45,203.3 1 0
mail2calendar/ent/user_update.go:204.2,204.47 1 0
mail2calendar/ent/user_update.go:204.47,206.3 1 0
mail2calendar/ent/user_update.go:207.2,207.37 1 0
mail2calendar/ent/user_update.go:207.37,209.3 1 0
mail2calendar/ent/user_update.go:210.2,210.70 1 0
mail2calendar/ent/user_update.go:210.70,211.49 1 0
mail2calendar/ent/user_update.go:211.49,213.4 1 0
mail2calendar/ent/user_update.go:213.9,213.45 1 0
mail2calendar/ent/user_update.go:213.45,215.4 1 0
mail2calendar/ent/user_update.go:216.3,216.16 1 0
mail2calendar/ent/user_update.go:218.2,219.15 2 0
mail2calendar/ent/user_update.go:231.65,234.2 2 0
mail2calendar/ent/user_update.go:237.74,238.14 1 0
mail2calendar/ent/user_update.go:238.14,240.3 1 0
mail2calendar/ent/user_update.go:241.2,241.12 1 0
mail2calendar/ent/user_update.go:245.59,248.2 2 0
mail2calendar/ent/user_update.go:251.66,254.2 2 0
mail2calendar/ent/user_update.go:257.75,258.14 1 0
mail2calendar/ent/user_update.go:258.14,260.3 1 0
mail2calendar/ent/user_update.go:261.2,261.12 1 0
mail2calendar/ent/user_update.go:265.60,268.2 2 0
mail2calendar/ent/user_update.go:271.64,274.2 2 0
mail2calendar/ent/user_update.go:277.73,278.14 1 0
mail2calendar/ent/user_update.go:278.14,280.3 1 0
mail2calendar/ent/user_update.go:281.2,281.12 1 0
mail2calendar/ent/user_update.go:285.58,288.2 2 0
mail2calendar/ent/user_update.go:291.61,294.2 2 0
mail2calendar/ent/user_update.go:297.70,298.14 1 0
mail2calendar/ent/user_update.go:298.14,300.3 1 0
mail2calendar/ent/user_update.go:301.2,301.12 1 0
mail2calendar/ent/user_update.go:305.64,308.2 2 0
mail2calendar/ent/user_update.go:311.73,312.14 1 0
mail2calendar/ent/user_update.go:312.14,314.3 1 0
mail2calendar/ent/user_update.go:315.2,315.12 1 0
mail2calendar/ent/user_update.go:319.69,322.2 2 0
mail2calendar/ent/user_update.go:325.78,326.14 1 0
mail2calendar/ent/user_update.go:326.14,328.3 1 0
mail2calendar/ent/user_update.go:329.2,329.12 1 0
mail2calendar/ent/user_update.go:333.60,336.2 2 0
mail2calendar/ent/user_update.go:339.52,341.2 1 0
mail2calendar/ent/user_update.go:344.70,347.2 2 0
mail2calendar/ent/user_update.go:351.81,354.2 2 0
mail2calendar/ent/user_update.go:357.68,359.2 1 0
mail2calendar/ent/user_update.go:362.60,364.16 2 0
mail2calendar/ent/user_update.go:364.16,365.13 1 0
mail2calendar/ent/user_update.go:367.2,367.13 1 0
mail2calendar/ent/user_update.go:371.59,374.2 2 0
mail2calendar/ent/user_update.go:377.54,378.38 1 0
mail2calendar/ent/user_update.go:378.38,379.13 1 0
mail2calendar/ent/user_update.go:383.81,386.9 3 0
mail2calendar/ent/user_update.go:386.9,388.3 1 0
mail2calendar/ent/user_update.go:389.2,390.43 2 0
mail2calendar/ent/user_update.go:390.43,393.28 3 0
mail2calendar/ent/user_update.go:393.28,394.28 1 0
mail2calendar/ent/user_update.go:394.28,396.5 1 0
mail2calendar/ent/user_update.go:397.4,397.25 1 0
mail2calendar/ent/user_update.go:397.25,399.5 1 0
mail2calendar/ent/user_update.go:402.2,402.48 1 0
mail2calendar/ent/user_update.go:402.48,403.50 1 0
mail2calendar/ent/user_update.go:403.50,404.22 1 0
mail2calendar/ent/user_update.go:404.22,406.5 1 0
mail2calendar/ent/user_update.go:409.2,409.47 1 0
mail2calendar/ent/user_update.go:409.47,411.3 1 0
mail2calendar/ent/user_update.go:412.2,412.37 1 0
mail2calendar/ent/user_update.go:412.37,414.3 1 0
mail2calendar/ent/user_update.go:415.2,415.48 1 0
mail2calendar/ent/user_update.go:415.48,417.3 1 0
mail2calendar/ent/user_update.go:418.2,418.38 1 0
mail2calendar/ent/user_update.go:418.38,420.3 1 0
mail2calendar/ent/user_update.go:421.2,421.46 1 0
mail2calendar/ent/user_update.go:421.46,423.3 1 0
mail2calendar/ent/user_update.go:424.2,424.36 1 0
mail2calendar/ent/user_update.go:424.36,426.3 1 0
mail2calendar/ent/user_update.go:427.2,427.43 1 0
mail2calendar/ent/user_update.go:427.43,429.3 1 0
mail2calendar/ent/user_update.go:430.2,430.46 1 0
mail2calendar/ent/user_update.go:430.46,432.3 1 0
mail2calendar/ent/user_update.go:433.2,433.48 1 0
mail2calendar/ent/user_update.go:433.48,435.3 1 0
mail2calendar/ent/user_update.go:436.2,436.38 1 0
mail2calendar/ent/user_update.go:436.38,438.3 1 0
mail2calendar/ent/user_update.go:439.2,442.67 4 0
mail2calendar/ent/user_update.go:442.67,443.49 1 0
mail2calendar/ent/user_update.go:443.49,445.4 1 0
mail2calendar/ent/user_update.go:445.9,445.45 1 0
mail2calendar/ent/user_update.go:445.45,447.4 1 0
mail2calendar/ent/user_update.go:448.3,448.18 1 0
mail2calendar/ent/user_update.go:450.2,451.19 2 0
mail2calendar/ent/gen/enttest/enttest.go:34.45,35.26 1 0
mail2calendar/ent/gen/enttest/enttest.go:35.26,37.3 1 0
mail2calendar/ent/gen/enttest/enttest.go:41.62,42.26 1 0
mail2calendar/ent/gen/enttest/enttest.go:42.26,44.3 1 0
mail2calendar/ent/gen/enttest/enttest.go:47.41,49.27 2 0
mail2calendar/ent/gen/enttest/enttest.go:49.27,51.3 1 0
mail2calendar/ent/gen/enttest/enttest.go:52.2,52.10 1 0
mail2calendar/ent/gen/enttest/enttest.go:56.86,59.16 3 0
mail2calendar/ent/gen/enttest/enttest.go:59.16,62.3 2 0
mail2calendar/ent/gen/enttest/enttest.go:63.2,64.10 2 0
mail2calendar/ent/gen/enttest/enttest.go:68.56,73.2 4 0
mail2calendar/ent/gen/enttest/enttest.go:74.59,76.16 2 0
mail2calendar/ent/gen/enttest/enttest.go:76.16,79.3 2 0
mail2calendar/ent/gen/enttest/enttest.go:80.2,80.97 1 0
mail2calendar/ent/gen/enttest/enttest.go:80.97,83.3 2 0
mail2calendar/ent/gen/hook/hook.go:16.85,17.44 1 0
mail2calendar/ent/gen/hook/hook.go:17.44,19.3 1 0
mail2calendar/ent/gen/hook/hook.go:20.2,20.87 1 0
mail2calendar/ent/gen/hook/hook.go:28.82,29.41 1 0
mail2calendar/ent/gen/hook/hook.go:29.41,31.3 1 0
mail2calendar/ent/gen/hook/hook.go:32.2,32.84 1 0
mail2calendar/ent/gen/hook/hook.go:39.64,40.56 1 0
mail2calendar/ent/gen/hook/hook.go:40.56,41.40 1 0
mail2calendar/ent/gen/hook/hook.go:41.40,43.4 1 0
mail2calendar/ent/gen/hook/hook.go:44.3,44.29 1 0
mail2calendar/ent/gen/hook/hook.go:44.29,45.21 1 0
mail2calendar/ent/gen/hook/hook.go:45.21,47.5 1 0
mail2calendar/ent/gen/hook/hook.go:49.3,49.14 1 0
mail2calendar/ent/gen/hook/hook.go:54.63,55.56 1 0
mail2calendar/ent/gen/hook/hook.go:55.56,56.38 1 0
mail2calendar/ent/gen/hook/hook.go:56.38,58.4 1 0
mail2calendar/ent/gen/hook/hook.go:59.3,59.29 1 0
mail2calendar/ent/gen/hook/hook.go:59.29,60.20 1 0
mail2calendar/ent/gen/hook/hook.go:60.20,62.5 1 0
mail2calendar/ent/gen/hook/hook.go:64.3,64.15 1 0
mail2calendar/ent/gen/hook/hook.go:69.36,70.56 1 0
mail2calendar/ent/gen/hook/hook.go:70.56,72.3 1 0
mail2calendar/ent/gen/hook/hook.go:76.33,77.54 1 0
mail2calendar/ent/gen/hook/hook.go:77.54,79.3 1 0
mail2calendar/ent/gen/hook/hook.go:83.63,84.54 1 0
mail2calendar/ent/gen/hook/hook.go:84.54,85.48 1 0
mail2calendar/ent/gen/hook/hook.go:85.48,87.4 1 0
mail2calendar/ent/gen/hook/hook.go:88.3,88.32 1 0
mail2calendar/ent/gen/hook/hook.go:88.32,89.49 1 0
mail2calendar/ent/gen/hook/hook.go:89.49,91.5 1 0
mail2calendar/ent/gen/hook/hook.go:93.3,93.14 1 0
mail2calendar/ent/gen/hook/hook.go:98.65,99.54 1 0
mail2calendar/ent/gen/hook/hook.go:99.54,100.47 1 0
mail2calendar/ent/gen/hook/hook.go:100.47,102.4 1 0
mail2calendar/ent/gen/hook/hook.go:103.3,103.32 1 0
mail2calendar/ent/gen/hook/hook.go:103.32,104.48 1 0
mail2calendar/ent/gen/hook/hook.go:104.48,106.5 1 0
mail2calendar/ent/gen/hook/hook.go:108.3,108.14 1 0
[...]
mail2calendar/ner-service/protos/ner/ner_grpc.pb.go:105.171,107.32 2 0
mail2calendar/ner-service/protos/ner/ner_grpc.pb.go:107.32,109.3 1 0
mail2calendar/ner-service/protos/ner/ner_grpc.pb.go:110.2,110.24 1 0
mail2calendar/ner-service/protos/ner/ner_grpc.pb.go:110.24,112.3 1 0
mail2calendar/ner-service/protos/ner/ner_grpc.pb.go:113.2,117.77 2 0
mail2calendar/ner-service/protos/ner/ner_grpc.pb.go:117.77,119.3 1 0
mail2calendar/ner-service/protos/ner/ner_grpc.pb.go:120.2,120.44 1 0
mail2calendar/ner-service/protos/ner/ner_grpc.pb.go:123.176,125.32 2 0
mail2calendar/ner-service/protos/ner/ner_grpc.pb.go:125.32,127.3 1 0
mail2calendar/ner-service/protos/ner/ner_grpc.pb.go:128.2,128.24 1 0
mail2calendar/ner-service/protos/ner/ner_grpc.pb.go:128.24,130.3 1 0
mail2calendar/ner-service/protos/ner/ner_grpc.pb.go:131.2,135.77 2 0
mail2calendar/ner-service/protos/ner/ner_grpc.pb.go:135.77,137.3 1 0
mail2calendar/ner-service/protos/ner/ner_grpc.pb.go:138.2,138.44 1 0
mail2calendar/internal/pkg/cache/cache.go:22.60,28.2 3 1
mail2calendar/internal/pkg/cache/cache.go:30.105,39.2 4 1
mail2calendar/internal/pkg/cache/cache.go:41.75,46.13 4 1
mail2calendar/internal/pkg/cache/cache.go:46.13,48.3 1 1
mail2calendar/internal/pkg/cache/cache.go:50.2,50.69 1 1
mail2calendar/internal/pkg/cache/cache.go:50.69,53.3 2 1
mail2calendar/internal/pkg/cache/cache.go:55.2,55.24 1 1
mail2calendar/internal/pkg/cache/cache.go:58.63,63.2 4 1
mail2calendar/internal/pkg/cache/cache.go:65.54,67.21 2 1
mail2calendar/internal/pkg/cache/cache.go:67.21,69.3 1 1
mail2calendar/internal/pkg/cache/cache.go:72.27,76.33 4 1
mail2calendar/internal/pkg/cache/cache.go:76.33,77.63 1 1
mail2calendar/internal/pkg/cache/cache.go:77.63,79.4 1 1
mail2calendar/internal/pkg/security/config.go:22.46,40.2 1 1
mail2calendar/internal/pkg/security/config.go:43.51,44.19 1 1
mail2calendar/internal/pkg/security/config.go:44.19,46.3 1 1
mail2calendar/internal/pkg/security/config.go:47.2,47.27 1 1
mail2calendar/internal/pkg/security/config.go:47.27,49.3 1 1
mail2calendar/internal/pkg/security/config.go:50.2,50.12 1 1
mail2calendar/internal/pkg/security/config.go:54.54,55.26 1 1
mail2calendar/internal/pkg/security/config.go:55.26,57.3 1 1
mail2calendar/internal/pkg/security/config.go:60.2,69.46 3 1
mail2calendar/internal/pkg/security/config.go:69.46,70.75 1 1
mail2calendar/internal/pkg/security/config.go:70.75,72.4 1 1
mail2calendar/internal/pkg/security/config.go:76.2,76.45 1 1
mail2calendar/internal/pkg/security/config.go:76.45,79.54 2 1
mail2calendar/internal/pkg/security/config.go:79.54,80.37 1 1
mail2calendar/internal/pkg/security/config.go:80.37,82.10 2 1
mail2calendar/internal/pkg/security/config.go:85.3,85.37 1 1
mail2calendar/internal/pkg/security/config.go:85.37,87.4 1 0
mail2calendar/internal/pkg/security/config.go:90.2,90.37 1 1
mail2calendar/internal/pkg/security/config.go:94.60,95.24 1 1
mail2calendar/internal/pkg/security/config.go:95.24,97.3 1 1
mail2calendar/internal/pkg/security/config.go:99.2,100.39 2 1
mail2calendar/internal/pkg/security/config.go:100.39,102.3 1 1
mail2calendar/internal/pkg/security/config.go:103.2,103.44 1 1
mail2calendar/third_party/redis/redis.go:11.42,17.2 1 0
mail2calendar/third_party/redis/redis.go:19.56,27.2 1 0
mail2calendar/third_party/validate/validate.go:5.32,7.2 1 0
mail2calendar/internal/middleware/audit.go:31.44,32.71 1 1
mail2calendar/internal/middleware/audit.go:32.71,44.3 3 1
mail2calendar/internal/middleware/audit.go:47.40,49.9 2 1
mail2calendar/internal/middleware/audit.go:49.9,51.3 1 1
mail2calendar/internal/middleware/audit.go:52.2,52.15 1 1
mail2calendar/internal/middleware/audit.go:55.41,57.21 2 1
mail2calendar/internal/middleware/audit.go:57.21,59.3 1 1
mail2calendar/internal/middleware/audit.go:60.2,60.21 1 1
mail2calendar/internal/middleware/audit.go:60.21,62.3 1 1
mail2calendar/internal/middleware/audit.go:63.2,63.18 1 1
mail2calendar/internal/middleware/authentication.go:21.74,22.46 1 0
mail2calendar/internal/middleware/authentication.go:22.46,23.72 1 0
mail2calendar/internal/middleware/authentication.go:23.72,26.19 3 0
mail2calendar/internal/middleware/authentication.go:26.19,29.5 2 0
mail2calendar/internal/middleware/authentication.go:31.4,32.18 2 0
mail2calendar/internal/middleware/authentication.go:32.18,34.5 1 0
mail2calendar/internal/middleware/authentication.go:35.4,35.14 1 0
mail2calendar/internal/middleware/authentication.go:35.14,38.5 2 0
mail2calendar/internal/middleware/authentication.go:40.4,40.24 1 0
mail2calendar/internal/middleware/authentication.go:52.73,53.46 1 0
mail2calendar/internal/middleware/authentication.go:53.46,54.72 1 0
mail2calendar/internal/middleware/authentication.go:54.72,57.18 3 0
mail2calendar/internal/middleware/authentication.go:57.18,59.5 1 0
mail2calendar/internal/middleware/authentication.go:61.4,62.18 2 0
mail2calendar/internal/middleware/authentication.go:62.18,65.5 2 0
mail2calendar/internal/middleware/authentication.go:67.4,71.31 4 0
mail2calendar/internal/middleware/authentication.go:71.31,73.5 1 0
mail2calendar/internal/middleware/authentication.go:75.4,77.11 3 0
mail2calendar/internal/middleware/authentication.go:77.11,79.5 1 0
mail2calendar/internal/middleware/authentication.go:80.4,82.25 2 0
mail2calendar/internal/middleware/authentication.go:83.22,85.19 2 0
mail2calendar/internal/middleware/authentication.go:85.19,88.6 2 0
mail2calendar/internal/middleware/authentication.go:90.5,90.48 1 0
mail2calendar/internal/middleware/authentication.go:91.23,92.50 1 0
mail2calendar/internal/middleware/authentication.go:95.4,97.20 2 0
mail2calendar/internal/middleware/authentication.go:97.20,99.5 1 0
mail2calendar/internal/middleware/authentication.go:100.4,100.34 1 0
mail2calendar/internal/middleware/authentication.go:112.64,114.2 1 0
mail2calendar/internal/middleware/authentication.go:116.57,117.21 1 0
mail2calendar/internal/middleware/authentication.go:117.21,120.3 2 0
mail2calendar/internal/middleware/authentication.go:123.81,126.2 2 0
mail2calendar/internal/middleware/authentication.go:128.85,129.55 1 0
mail2calendar/internal/middleware/authentication.go:129.55,131.3 1 0
mail2calendar/internal/middleware/authentication.go:132.2,132.29 1 0
mail2calendar/internal/middleware/cacheByURL.go:16.49,17.71 1 1
mail2calendar/internal/middleware/cacheByURL.go:17.71,29.17 2 1
mail2calendar/internal/middleware/cacheByURL.go:29.17,34.4 4 0
mail2calendar/internal/middleware/cacheByURL.go:36.3,38.40 2 1
mail2calendar/internal/middleware/cacheByURL.go:42.38,45.16 3 1
mail2calendar/internal/middleware/cacheByURL.go:45.16,48.3 1 0
mail2calendar/internal/middleware/cacheByURL.go:49.2,52.17 3 1
mail2calendar/internal/middleware/content_type.go:8.51,9.54 1 1
mail2calendar/internal/middleware/content_type.go:9.54,11.14 2 1
mail2calendar/internal/middleware/content_type.go:12.15,13.47 1 1
mail2calendar/internal/middleware/content_type.go:14.15,15.46 1 1
mail2calendar/internal/middleware/content_type.go:16.14,17.60 1 1
mail2calendar/internal/middleware/content_type.go:18.16,19.54 1 1
mail2calendar/internal/middleware/content_type.go:20.15,21.48 1 1
mail2calendar/internal/middleware/content_type.go:22.11,23.47 1 1
mail2calendar/internal/middleware/content_type.go:26.3,26.20 1 1
mail2calendar/internal/middleware/json.go:5.43,6.71 1 1
mail2calendar/internal/middleware/json.go:6.71,9.3 2 1
mail2calendar/internal/middleware/opentelemetry.go:17.56,18.46 1 1
mail2calendar/internal/middleware/opentelemetry.go:18.46,20.66 1 1
mail2calendar/internal/middleware/opentelemetry.go:20.66,23.16 2 1
mail2calendar/internal/middleware/opentelemetry.go:23.16,25.6 1 1
mail2calendar/internal/middleware/opentelemetry.go:27.5,33.11 7 1
mail2calendar/internal/middleware/opentelemetry.go:33.11,35.6 1 1
mail2calendar/internal/middleware/rate_limit.go:18.104,24.2 1 1
mail2calendar/internal/middleware/rate_limit.go:26.66,27.73 1 1
mail2calendar/internal/middleware/rate_limit.go:27.73,33.17 4 1
mail2calendar/internal/middleware/rate_limit.go:33.17,36.4 2 1
mail2calendar/internal/middleware/rate_limit.go:39.3,44.17 5 1
mail2calendar/internal/middleware/rate_limit.go:44.17,47.4 2 0
mail2calendar/internal/middleware/rate_limit.go:49.3,50.29 2 1
mail2calendar/internal/middleware/rate_limit.go:50.29,55.4 4 1
mail2calendar/internal/middleware/rate_limit.go:57.3,57.25 1 1
mail2calendar/internal/middleware/recover.go:14.47,15.53 1 1
mail2calendar/internal/middleware/recover.go:15.53,16.16 1 1
mail2calendar/internal/middleware/recover.go:16.16,17.67 1 1
mail2calendar/internal/middleware/recover.go:17.67,21.24 3 1
mail2calendar/internal/middleware/recover.go:21.24,23.6 1 0
mail2calendar/internal/middleware/recover.go:23.11,25.6 1 1
mail2calendar/internal/middleware/recover.go:27.5,32.19 4 1
mail2calendar/internal/middleware/recover.go:32.19,34.6 1 0
mail2calendar/internal/middleware/recover.go:36.5,40.50 4 1
mail2calendar/internal/middleware/recover.go:44.3,44.23 1 1
mail2calendar/internal/middleware/recover.go:47.2,47.29 1 1
mail2calendar/internal/middleware/security.go:16.75,17.34 1 1
mail2calendar/internal/middleware/security.go:17.34,18.18 1 1
mail2calendar/internal/middleware/security.go:18.18,20.4 1 1
mail2calendar/internal/middleware/security.go:22.2,22.49 1 1
mail2calendar/internal/middleware/security.go:26.54,28.2 1 0
mail2calendar/internal/middleware/security.go:31.97,33.19 1 1
mail2calendar/internal/middleware/security.go:33.19,35.3 1 0
mail2calendar/internal/middleware/security.go:38.2,38.56 1 1
mail2calendar/internal/middleware/security.go:38.56,41.3 2 0
mail2calendar/internal/middleware/security.go:43.2,43.46 1 1
mail2calendar/internal/middleware/security.go:43.46,44.72 1 1
mail2calendar/internal/middleware/security.go:44.72,46.36 2 1
mail2calendar/internal/middleware/security.go:46.36,48.5 1 1
mail2calendar/internal/middleware/security.go:50.4,60.49 2 1
mail2calendar/internal/middleware/security.go:60.49,62.5 1 1
mail2calendar/internal/middleware/security.go:64.4,65.24 2 1
mail2calendar/internal/middleware/security.go:71.57,72.71 1 1
mail2calendar/internal/middleware/security.go:72.71,78.3 5 1
mail2calendar/internal/middleware/security.go:82.43,83.30 1 1
mail2calendar/internal/middleware/security.go:83.30,87.3 3 1
mail2calendar/internal/utility/csrf/csrf.go:13.69,15.16 2 1
mail2calendar/internal/utility/csrf/csrf.go:15.16,17.3 1 0
mail2calendar/internal/utility/csrf/csrf.go:19.2,27.16 4 1
mail2calendar/internal/utility/csrf/csrf.go:27.16,29.3 1 1
mail2calendar/internal/utility/csrf/csrf.go:30.2,30.15 1 1
mail2calendar/internal/utility/csrf/csrf.go:35.79,37.16 2 1
mail2calendar/internal/utility/csrf/csrf.go:37.16,39.3 1 0
mail2calendar/internal/utility/csrf/csrf.go:41.2,44.16 2 1
mail2calendar/internal/utility/csrf/csrf.go:44.16,46.3 1 1
mail2calendar/internal/utility/csrf/csrf.go:48.2,49.16 2 1
mail2calendar/internal/utility/csrf/csrf.go:49.16,51.3 1 0
mail2calendar/internal/utility/csrf/csrf.go:53.2,53.23 1 1
mail2calendar/internal/utility/csrf/csrf.go:53.23,55.3 1 1
mail2calendar/internal/utility/csrf/csrf.go:56.2,56.12 1 1
mail2calendar/internal/utility/csrf/csrf.go:59.40,62.16 3 1
mail2calendar/internal/utility/csrf/csrf.go:62.16,65.3 1 0
mail2calendar/internal/utility/csrf/csrf.go:66.2,69.17 3 1
mail2calendar/internal/attachment/minio_storage.go:39.71,44.2 1 0
mail2calendar/internal/attachment/minio_storage.go:47.68,48.29 1 1
mail2calendar/internal/attachment/minio_storage.go:48.29,50.3 1 1
mail2calendar/internal/attachment/minio_storage.go:52.2,53.29 2 1
mail2calendar/internal/attachment/minio_storage.go:53.29,55.3 1 1
mail2calendar/internal/attachment/minio_storage.go:56.2,56.12 1 1
mail2calendar/internal/attachment/minio_storage.go:60.91,61.50 1 1
mail2calendar/internal/attachment/minio_storage.go:61.50,63.3 1 1
mail2calendar/internal/attachment/minio_storage.go:65.2,75.16 6 1
mail2calendar/internal/attachment/minio_storage.go:75.16,77.3 1 1
mail2calendar/internal/attachment/minio_storage.go:78.2,78.17 1 1
mail2calendar/internal/attachment/minio_storage.go:82.88,84.29 2 1
mail2calendar/internal/attachment/minio_storage.go:84.29,86.3 1 1
mail2calendar/internal/attachment/minio_storage.go:88.2,92.16 4 1
mail2calendar/internal/attachment/minio_storage.go:92.16,94.3 1 1
mail2calendar/internal/attachment/minio_storage.go:95.2,98.16 3 0
mail2calendar/internal/attachment/minio_storage.go:98.16,100.3 1 0
mail2calendar/internal/attachment/minio_storage.go:102.2,102.29 1 0
mail2calendar/internal/attachment/minio_storage.go:102.29,104.3 1 0
mail2calendar/internal/attachment/minio_storage.go:106.2,106.23 1 0
mail2calendar/internal/attachment/minio_storage.go:110.73,112.29 2 1
mail2calendar/internal/attachment/minio_storage.go:112.29,114.3 1 1
mail2calendar/internal/attachment/minio_storage.go:116.2,120.16 4 1
mail2calendar/internal/attachment/minio_storage.go:120.16,122.3 1 1
mail2calendar/internal/attachment/minio_storage.go:124.2,124.12 1 1
mail2calendar/internal/attachment/minio_storage.go:128.40,131.20 3 1
mail2calendar/internal/attachment/minio_storage.go:131.20,134.3 1 1
mail2calendar/internal/attachment/minio_storage.go:135.2,135.17 1 1
mail2calendar/internal/attachment/minio_storage.go:139.75,148.68 5 0
mail2calendar/internal/attachment/minio_storage.go:148.68,149.24 1 0
mail2calendar/internal/attachment/minio_storage.go:149.24,151.4 1 0
mail2calendar/internal/attachment/minio_storage.go:153.3,156.5 1 0
mail2calendar/internal/attachment/minio_storage.go:159.2,159.19 1 0
mail2calendar/internal/attachment/service.go:37.64,42.2 1 0
mail2calendar/internal/attachment/service.go:44.66,45.29 1 0
mail2calendar/internal/attachment/service.go:45.29,47.3 1 0
mail2calendar/internal/attachment/service.go:49.2,50.16 2 0
mail2calendar/internal/attachment/service.go:50.16,52.3 1 0
mail2calendar/internal/attachment/service.go:53.2,57.16 3 0
mail2calendar/internal/attachment/service.go:57.16,59.3 1 0
mail2calendar/internal/attachment/service.go:62.2,63.44 2 0
mail2calendar/internal/attachment/service.go:63.44,65.3 1 0
mail2calendar/internal/attachment/service.go:68.2,69.43 2 0
mail2calendar/internal/attachment/service.go:69.43,70.37 1 0
mail2calendar/internal/attachment/service.go:70.37,72.9 2 0
mail2calendar/internal/attachment/service.go:76.2,76.16 1 0
mail2calendar/internal/attachment/service.go:76.16,78.3 1 0
mail2calendar/internal/attachment/service.go:81.2,82.16 2 0
mail2calendar/internal/attachment/service.go:82.16,84.3 1 0
mail2calendar/internal/attachment/service.go:86.2,86.12 1 0
mail2calendar/internal/attachment/service.go:86.12,88.3 1 0
mail2calendar/internal/attachment/service.go:90.2,90.12 1 0
mail2calendar/internal/attachment/service.go:93.91,94.45 1 0
mail2calendar/internal/attachment/service.go:94.45,96.3 1 0
mail2calendar/internal/attachment/service.go:98.2,99.16 2 0
mail2calendar/internal/attachment/service.go:99.16,101.3 1 0
mail2calendar/internal/attachment/service.go:102.2,105.43 3 0
mail2calendar/internal/attachment/service.go:105.43,107.3 1 0
mail2calendar/internal/attachment/service.go:110.2,111.16 2 0
mail2calendar/internal/attachment/service.go:111.16,113.3 1 0
mail2calendar/internal/attachment/service.go:114.2,114.12 1 0
mail2calendar/internal/attachment/service.go:114.12,116.3 1 0
mail2calendar/internal/attachment/service.go:119.2,120.46 2 0
mail2calendar/internal/attachment/service.go:123.88,125.2 1 0
mail2calendar/internal/attachment/service.go:127.68,129.2 1 0
mail2calendar/internal/attachment/storage.go:32.92,38.2 1 0
mail2calendar/internal/attachment/storage.go:40.88,43.15 3 0
mail2calendar/internal/attachment/storage.go:43.15,45.3 1 0
mail2calendar/internal/attachment/storage.go:46.2,47.16 2 0
mail2calendar/internal/attachment/storage.go:47.16,49.3 1 0
mail2calendar/internal/attachment/storage.go:50.2,50.20 1 0
mail2calendar/internal/attachment/storage.go:53.81,62.30 5 0
mail2calendar/internal/attachment/storage.go:62.30,63.24 1 0
mail2calendar/internal/attachment/storage.go:63.24,65.4 1 0
mail2calendar/internal/attachment/storage.go:66.3,66.65 1 0
mail2calendar/internal/attachment/storage.go:66.65,69.9 3 0
mail2calendar/internal/attachment/storage.go:73.2,73.22 1 0
mail2calendar/internal/attachment/storage.go:73.22,75.3 1 0
mail2calendar/internal/attachment/storage.go:77.2,78.16 2 0
mail2calendar/internal/attachment/storage.go:78.16,80.3 1 0
mail2calendar/internal/attachment/storage.go:81.2,84.16 3 0
mail2calendar/internal/attachment/storage.go:84.16,86.3 1 0
mail2calendar/internal/attachment/storage.go:87.2,87.23 1 0
mail2calendar/internal/attachment/storage.go:90.66,98.30 4 0
mail2calendar/internal/attachment/storage.go:98.30,99.24 1 0
mail2calendar/internal/attachment/storage.go:99.24,101.4 1 0
mail2calendar/internal/attachment/storage.go:102.3,102.65 1 0
mail2calendar/internal/attachment/storage.go:102.65,104.9 2 0
mail2calendar/internal/attachment/storage.go:108.2,108.22 1 0
mail2calendar/internal/attachment/storage.go:108.22,110.3 1 0
mail2calendar/internal/attachment/storage.go:112.2,113.16 2 0
mail2calendar/internal/attachment/storage.go:113.16,115.3 1 0
mail2calendar/internal/attachment/storage.go:116.2,116.12 1 0
mail2calendar/internal/attachment/storage.go:119.72,123.31 3 0
mail2calendar/internal/attachment/storage.go:123.31,124.24 1 0
mail2calendar/internal/attachment/storage.go:124.24,126.4 1 0
mail2calendar/internal/attachment/storage.go:127.3,130.5 1 0
mail2calendar/internal/attachment/storage.go:133.2,133.19 1 0
mail2calendar/internal/attachment/storage.go:136.110,138.31 2 0
mail2calendar/internal/attachment/storage.go:138.31,140.17 2 0
mail2calendar/internal/attachment/storage.go:140.17,142.4 1 0
mail2calendar/internal/attachment/storage.go:143.3,144.47 2 0
mail2calendar/internal/attachment/storage.go:146.2,146.65 1 0
mail2calendar/internal/attachment/storage.go:149.81,152.16 2 0
mail2calendar/internal/attachment/storage.go:152.16,154.3 1 0
mail2calendar/internal/attachment/storage.go:157.2,158.15 2 0
mail2calendar/internal/attachment/storage.go:158.15,160.3 1 0
mail2calendar/internal/attachment/storage.go:161.2,162.16 2 0
mail2calendar/internal/attachment/storage.go:162.16,164.3 1 0
mail2calendar/internal/attachment/storage.go:167.2,168.16 2 0
mail2calendar/internal/attachment/storage.go:168.16,170.3 1 0
mail2calendar/internal/attachment/storage.go:172.2,172.12 1 0
mail2calendar/internal/attachment/test_helper.go:14.67,15.50 1 0
mail2calendar/internal/attachment/test_helper.go:15.50,17.3 1 0
mail2calendar/internal/attachment/test_helper.go:19.2,30.16 7 0
mail2calendar/internal/attachment/test_helper.go:30.16,32.3 1 0
mail2calendar/internal/attachment/test_helper.go:35.2,36.16 2 0
mail2calendar/internal/attachment/test_helper.go:36.16,38.3 1 0
mail2calendar/internal/attachment/test_helper.go:40.2,40.13 1 0
mail2calendar/internal/attachment/test_helper.go:40.13,42.17 2 0
mail2calendar/internal/attachment/test_helper.go:42.17,44.4 1 0
mail2calendar/internal/attachment/test_helper.go:47.2,47.20 1 0
mail2calendar/internal/attachment/test_helper.go:47.20,52.30 2 0
mail2calendar/internal/attachment/test_helper.go:52.30,53.22 1 0
mail2calendar/internal/attachment/test_helper.go:53.22,55.13 2 0
mail2calendar/internal/attachment/test_helper.go:57.4,58.18 2 0
mail2calendar/internal/attachment/test_helper.go:58.18,60.5 1 0
mail2calendar/internal/attachment/test_helper.go:64.2,64.41 1 0
mail2calendar/internal/attachment/virus_scanner.go:17.76,22.2 1 0
mail2calendar/internal/attachment/virus_scanner.go:24.57,29.16 4 0
mail2calendar/internal/attachment/virus_scanner.go:29.16,31.3 1 0
mail2calendar/internal/attachment/virus_scanner.go:33.2,34.16 2 0
mail2calendar/internal/attachment/virus_scanner.go:34.16,36.3 1 0
mail2calendar/internal/attachment/virus_scanner.go:37.2,39.38 2 0
mail2calendar/internal/attachment/virus_scanner.go:39.38,41.3 1 0
mail2calendar/internal/attachment/virus_scanner.go:43.2,44.16 2 0
mail2calendar/internal/attachment/virus_scanner.go:44.16,46.3 1 0
mail2calendar/internal/attachment/virus_scanner.go:49.2,49.34 1 0
